{"C:\\Users\\Bartek\\Desktop\\Biblioteka\\frontend\\src\\api.js": {"path":"C:\\Users\\Bartek\\Desktop\\Biblioteka\\frontend\\src\\api.js","statementMap":{"0":{"start":{"line":1,"column":36},"end":{"line":1,"column":null}},"1":{"start":{"line":2,"column":17},"end":{"line":2,"column":73}},"2":{"start":{"line":3,"column":19},"end":{"line":3,"column":57}},"3":{"start":{"line":7,"column":21},"end":{"line":7,"column":44}},"4":{"start":{"line":8,"column":25},"end":{"line":8,"column":65}},"5":{"start":{"line":9,"column":14},"end":{"line":9,"column":94}},"6":{"start":{"line":11,"column":16},"end":{"line":11,"column":45}},"7":{"start":{"line":12,"column":18},"end":{"line":12,"column":57}},"8":{"start":{"line":13,"column":2},"end":{"line":15,"column":3}},"9":{"start":{"line":14,"column":4},"end":{"line":14,"column":48}},"10":{"start":{"line":16,"column":2},"end":{"line":18,"column":3}},"11":{"start":{"line":17,"column":4},"end":{"line":17,"column":40}},"12":{"start":{"line":20,"column":20},"end":{"line":20,"column":40}},"13":{"start":{"line":21,"column":14},"end":{"line":21,"column":41}},"14":{"start":{"line":22,"column":2},"end":{"line":43,"column":3}},"15":{"start":{"line":23,"column":15},"end":{"line":23,"column":17}},"16":{"start":{"line":24,"column":4},"end":{"line":24,"column":60}},"17":{"start":{"line":24,"column":10},"end":{"line":24,"column":33}},"18":{"start":{"line":25,"column":18},"end":{"line":25,"column":40}},"19":{"start":{"line":26,"column":4},"end":{"line":39,"column":5}},"20":{"start":{"line":27,"column":6},"end":{"line":38,"column":7}},"21":{"start":{"line":28,"column":23},"end":{"line":28,"column":39}},"22":{"start":{"line":29,"column":8},"end":{"line":35,"column":9}},"23":{"start":{"line":30,"column":10},"end":{"line":34,"column":11}},"24":{"start":{"line":31,"column":12},"end":{"line":31,"column":34}},"25":{"start":{"line":32,"column":17},"end":{"line":34,"column":11}},"26":{"start":{"line":33,"column":12},"end":{"line":33,"column":36}},"27":{"start":{"line":40,"column":16},"end":{"line":40,"column":34}},"28":{"start":{"line":41,"column":4},"end":{"line":41,"column":27}},"29":{"start":{"line":42,"column":4},"end":{"line":42,"column":13}},"30":{"start":{"line":45,"column":15},"end":{"line":45,"column":31}},"31":{"start":{"line":46,"column":2},"end":{"line":46,"column":73}},"32":{"start":{"line":46,"column":8},"end":{"line":46,"column":45}},"33":{"start":{"line":46,"column":60},"end":{"line":46,"column":71}}},"fnMap":{"0":{"name":"apiFetch","decl":{"start":{"line":6,"column":22},"end":{"line":6,"column":30}},"loc":{"start":{"line":6,"column":48},"end":{"line":47,"column":1}},"line":6}},"branchMap":{"0":{"loc":{"start":{"line":2,"column":18},"end":{"line":2,"column":53}},"type":"binary-expr","locations":[{"start":{"line":2,"column":18},"end":{"line":2,"column":47}},{"start":{"line":2,"column":51},"end":{"line":2,"column":53}}],"line":2},"1":{"loc":{"start":{"line":3,"column":19},"end":{"line":3,"column":57}},"type":"binary-expr","locations":[{"start":{"line":3,"column":19},"end":{"line":3,"column":51}},{"start":{"line":3,"column":55},"end":{"line":3,"column":57}}],"line":3},"2":{"loc":{"start":{"line":6,"column":37},"end":{"line":6,"column":46}},"type":"default-arg","locations":[{"start":{"line":6,"column":44},"end":{"line":6,"column":46}}],"line":6},"3":{"loc":{"start":{"line":8,"column":25},"end":{"line":8,"column":65}},"type":"cond-expr","locations":[{"start":{"line":8,"column":48},"end":{"line":8,"column":52}},{"start":{"line":8,"column":55},"end":{"line":8,"column":65}}],"line":8},"4":{"loc":{"start":{"line":9,"column":14},"end":{"line":9,"column":94}},"type":"cond-expr","locations":[{"start":{"line":9,"column":27},"end":{"line":9,"column":31}},{"start":{"line":9,"column":35},"end":{"line":9,"column":93}}],"line":9},"5":{"loc":{"start":{"line":9,"column":35},"end":{"line":9,"column":93}},"type":"cond-expr","locations":[{"start":{"line":9,"column":46},"end":{"line":9,"column":76}},{"start":{"line":9,"column":79},"end":{"line":9,"column":93}}],"line":9},"6":{"loc":{"start":{"line":12,"column":18},"end":{"line":12,"column":57}},"type":"cond-expr","locations":[{"start":{"line":12,"column":33},"end":{"line":12,"column":52}},{"start":{"line":12,"column":55},"end":{"line":12,"column":57}}],"line":12},"7":{"loc":{"start":{"line":13,"column":2},"end":{"line":15,"column":3}},"type":"if","locations":[{"start":{"line":13,"column":2},"end":{"line":15,"column":3}},{"start":{},"end":{}}],"line":13},"8":{"loc":{"start":{"line":13,"column":6},"end":{"line":13,"column":40}},"type":"binary-expr","locations":[{"start":{"line":13,"column":6},"end":{"line":13,"column":11}},{"start":{"line":13,"column":15},"end":{"line":13,"column":40}}],"line":13},"9":{"loc":{"start":{"line":16,"column":2},"end":{"line":18,"column":3}},"type":"if","locations":[{"start":{"line":16,"column":2},"end":{"line":18,"column":3}},{"start":{},"end":{}}],"line":16},"10":{"loc":{"start":{"line":16,"column":6},"end":{"line":16,"column":44}},"type":"binary-expr","locations":[{"start":{"line":16,"column":6},"end":{"line":16,"column":16}},{"start":{"line":16,"column":20},"end":{"line":16,"column":44}}],"line":16},"11":{"loc":{"start":{"line":22,"column":2},"end":{"line":43,"column":3}},"type":"if","locations":[{"start":{"line":22,"column":2},"end":{"line":43,"column":3}},{"start":{},"end":{}}],"line":22},"12":{"loc":{"start":{"line":25,"column":18},"end":{"line":25,"column":40}},"type":"binary-expr","locations":[{"start":{"line":25,"column":18},"end":{"line":25,"column":22}},{"start":{"line":25,"column":26},"end":{"line":25,"column":40}}],"line":25},"13":{"loc":{"start":{"line":26,"column":4},"end":{"line":39,"column":5}},"type":"if","locations":[{"start":{"line":26,"column":4},"end":{"line":39,"column":5}},{"start":{},"end":{}}],"line":26},"14":{"loc":{"start":{"line":29,"column":8},"end":{"line":35,"column":9}},"type":"if","locations":[{"start":{"line":29,"column":8},"end":{"line":35,"column":9}},{"start":{},"end":{}}],"line":29},"15":{"loc":{"start":{"line":29,"column":12},"end":{"line":29,"column":48}},"type":"binary-expr","locations":[{"start":{"line":29,"column":12},"end":{"line":29,"column":18}},{"start":{"line":29,"column":22},"end":{"line":29,"column":48}}],"line":29},"16":{"loc":{"start":{"line":30,"column":10},"end":{"line":34,"column":11}},"type":"if","locations":[{"start":{"line":30,"column":10},"end":{"line":34,"column":11}},{"start":{"line":32,"column":17},"end":{"line":34,"column":11}}],"line":30},"17":{"loc":{"start":{"line":30,"column":14},"end":{"line":30,"column":76}},"type":"binary-expr","locations":[{"start":{"line":30,"column":14},"end":{"line":30,"column":46}},{"start":{"line":30,"column":50},"end":{"line":30,"column":76}}],"line":30},"18":{"loc":{"start":{"line":32,"column":17},"end":{"line":34,"column":11}},"type":"if","locations":[{"start":{"line":32,"column":17},"end":{"line":34,"column":11}},{"start":{},"end":{}}],"line":32},"19":{"loc":{"start":{"line":32,"column":21},"end":{"line":32,"column":87}},"type":"binary-expr","locations":[{"start":{"line":32,"column":21},"end":{"line":32,"column":55}},{"start":{"line":32,"column":59},"end":{"line":32,"column":87}}],"line":32},"20":{"loc":{"start":{"line":46,"column":15},"end":{"line":46,"column":45}},"type":"cond-expr","locations":[{"start":{"line":46,"column":22},"end":{"line":46,"column":38}},{"start":{"line":46,"column":41},"end":{"line":46,"column":45}}],"line":46}},"s":{"0":3,"1":3,"2":3,"3":7,"4":7,"5":7,"6":7,"7":7,"8":7,"9":1,"10":7,"11":7,"12":7,"13":7,"14":7,"15":3,"16":3,"17":3,"18":3,"19":3,"20":3,"21":3,"22":3,"23":3,"24":3,"25":0,"26":0,"27":3,"28":3,"29":3,"30":4,"31":4,"32":4,"33":0},"f":{"0":7},"b":{"0":[3,0],"1":[3,0],"2":[7],"3":[7,0],"4":[0,7],"5":[7,0],"6":[1,6],"7":[1,6],"8":[7,1],"9":[7,0],"10":[7,7],"11":[3,4],"12":[3,0],"13":[3,0],"14":[3,0],"15":[3,3],"16":[3,0],"17":[3,3],"18":[0,0],"19":[0,0],"20":[3,1]},"meta":{"lastBranch":21,"lastFunction":1,"lastStatement":34,"seen":{"s:1:36:1:Infinity":0,"s:2:17:2:73":1,"b:2:18:2:47:2:51:2:53":0,"s:3:19:3:57":2,"b:3:19:3:51:3:55:3:57":1,"f:6:22:6:30":0,"b:6:44:6:46":2,"s:7:21:7:44":3,"s:8:25:8:65":4,"b:8:48:8:52:8:55:8:65":3,"s:9:14:9:94":5,"b:9:27:9:31:9:35:9:93":4,"b:9:46:9:76:9:79:9:93":5,"s:11:16:11:45":6,"s:12:18:12:57":7,"b:12:33:12:52:12:55:12:57":6,"b:13:2:15:3:undefined:undefined:undefined:undefined":7,"s:13:2:15:3":8,"b:13:6:13:11:13:15:13:40":8,"s:14:4:14:48":9,"b:16:2:18:3:undefined:undefined:undefined:undefined":9,"s:16:2:18:3":10,"b:16:6:16:16:16:20:16:44":10,"s:17:4:17:40":11,"s:20:20:20:40":12,"s:21:14:21:41":13,"b:22:2:43:3:undefined:undefined:undefined:undefined":11,"s:22:2:43:3":14,"s:23:15:23:17":15,"s:24:4:24:60":16,"s:24:10:24:33":17,"s:25:18:25:40":18,"b:25:18:25:22:25:26:25:40":12,"b:26:4:39:5:undefined:undefined:undefined:undefined":13,"s:26:4:39:5":19,"s:27:6:38:7":20,"s:28:23:28:39":21,"b:29:8:35:9:undefined:undefined:undefined:undefined":14,"s:29:8:35:9":22,"b:29:12:29:18:29:22:29:48":15,"b:30:10:34:11:32:17:34:11":16,"s:30:10:34:11":23,"b:30:14:30:46:30:50:30:76":17,"s:31:12:31:34":24,"b:32:17:34:11:undefined:undefined:undefined:undefined":18,"s:32:17:34:11":25,"b:32:21:32:55:32:59:32:87":19,"s:33:12:33:36":26,"s:40:16:40:34":27,"s:41:4:41:27":28,"s:42:4:42:13":29,"s:45:15:45:31":30,"s:46:2:46:73":31,"s:46:8:46:45":32,"b:46:22:46:38:46:41:46:45":20,"s:46:60:46:71":33}}}
,"C:\\Users\\Bartek\\Desktop\\Biblioteka\\frontend\\src\\components\\AnnouncementCard.jsx": {"path":"C:\\Users\\Bartek\\Desktop\\Biblioteka\\frontend\\src\\components\\AnnouncementCard.jsx","statementMap":{"0":{"start":{"line":5,"column":20},"end":{"line":10,"column":null}},"1":{"start":{"line":12,"column":21},"end":{"line":17,"column":null}},"2":{"start":{"line":19,"column":24},"end":{"line":27,"column":null}},"3":{"start":{"line":29,"column":2},"end":{"line":62,"column":null}}},"fnMap":{"0":{"name":"AnnouncementCard","decl":{"start":{"line":4,"column":24},"end":{"line":4,"column":41}},"loc":{"start":{"line":4,"column":68},"end":{"line":64,"column":null}},"line":4}},"branchMap":{"0":{"loc":{"start":{"line":19,"column":24},"end":{"line":27,"column":null}},"type":"cond-expr","locations":[{"start":{"line":20,"column":6},"end":{"line":26,"column":null}},{"start":{"line":27,"column":6},"end":{"line":27,"column":null}}],"line":19},"1":{"loc":{"start":{"line":31,"column":51},"end":{"line":31,"column":78}},"type":"binary-expr","locations":[{"start":{"line":31,"column":51},"end":{"line":31,"column":72}},{"start":{"line":31,"column":72},"end":{"line":31,"column":78}}],"line":31},"2":{"loc":{"start":{"line":31,"column":82},"end":{"line":31,"column":119}},"type":"cond-expr","locations":[{"start":{"line":31,"column":106},"end":{"line":31,"column":117}},{"start":{"line":31,"column":117},"end":{"line":31,"column":119}}],"line":31},"3":{"loc":{"start":{"line":34,"column":7},"end":{"line":35,"column":null}},"type":"binary-expr","locations":[{"start":{"line":34,"column":7},"end":{"line":34,"column":null}},{"start":{"line":35,"column":8},"end":{"line":35,"column":null}}],"line":34},"4":{"loc":{"start":{"line":40,"column":11},"end":{"line":40,"column":48}},"type":"binary-expr","locations":[{"start":{"line":40,"column":11},"end":{"line":40,"column":43}},{"start":{"line":40,"column":43},"end":{"line":40,"column":48}}],"line":40},"5":{"loc":{"start":{"line":40,"column":50},"end":{"line":40,"column":null}},"type":"binary-expr","locations":[{"start":{"line":40,"column":50},"end":{"line":40,"column":83}},{"start":{"line":40,"column":83},"end":{"line":40,"column":null}}],"line":40},"6":{"loc":{"start":{"line":42,"column":9},"end":{"line":45,"column":null}},"type":"binary-expr","locations":[{"start":{"line":42,"column":9},"end":{"line":42,"column":null}},{"start":{"line":43,"column":10},"end":{"line":45,"column":null}}],"line":42},"7":{"loc":{"start":{"line":52,"column":9},"end":{"line":54,"column":null}},"type":"cond-expr","locations":[{"start":{"line":53,"column":12},"end":{"line":53,"column":null}},{"start":{"line":54,"column":12},"end":{"line":54,"column":null}}],"line":52},"8":{"loc":{"start":{"line":52,"column":9},"end":{"line":52,"column":null}},"type":"binary-expr","locations":[{"start":{"line":52,"column":9},"end":{"line":52,"column":33}},{"start":{"line":52,"column":33},"end":{"line":52,"column":null}}],"line":52},"9":{"loc":{"start":{"line":57,"column":7},"end":{"line":60,"column":null}},"type":"binary-expr","locations":[{"start":{"line":57,"column":7},"end":{"line":57,"column":null}},{"start":{"line":58,"column":8},"end":{"line":60,"column":null}}],"line":57},"10":{"loc":{"start":{"line":59,"column":22},"end":{"line":59,"column":null}},"type":"binary-expr","locations":[{"start":{"line":59,"column":22},"end":{"line":59,"column":53}},{"start":{"line":59,"column":53},"end":{"line":59,"column":null}}],"line":59}},"s":{"0":4,"1":4,"2":4,"3":4},"f":{"0":4},"b":{"0":[4,0],"1":[4,0],"2":[1,3],"3":[4,1],"4":[4,0],"5":[4,0],"6":[4,4],"7":[1,3],"8":[4,4],"9":[4,4],"10":[4,0]},"meta":{"lastBranch":11,"lastFunction":1,"lastStatement":4,"seen":{"f:4:24:4:41":0,"s:5:20:10:Infinity":0,"s:12:21:17:Infinity":1,"s:19:24:27:Infinity":2,"b:20:6:26:Infinity:27:6:27:Infinity":0,"s:29:2:62:Infinity":3,"b:31:51:31:72:31:72:31:78":1,"b:31:106:31:117:31:117:31:119":2,"b:34:7:34:Infinity:35:8:35:Infinity":3,"b:40:11:40:43:40:43:40:48":4,"b:40:50:40:83:40:83:40:Infinity":5,"b:42:9:42:Infinity:43:10:45:Infinity":6,"b:53:12:53:Infinity:54:12:54:Infinity":7,"b:52:9:52:33:52:33:52:Infinity":8,"b:57:7:57:Infinity:58:8:60:Infinity":9,"b:59:22:59:53:59:53:59:Infinity":10}}}
,"C:\\Users\\Bartek\\Desktop\\Biblioteka\\frontend\\src\\components\\BookItem.jsx": {"path":"C:\\Users\\Bartek\\Desktop\\Biblioteka\\frontend\\src\\components\\BookItem.jsx","statementMap":{"0":{"start":{"line":8,"column":28},"end":{"line":8,"column":null}},"1":{"start":{"line":9,"column":42},"end":{"line":9,"column":null}},"2":{"start":{"line":10,"column":24},"end":{"line":10,"column":null}},"3":{"start":{"line":11,"column":28},"end":{"line":11,"column":null}},"4":{"start":{"line":12,"column":30},"end":{"line":12,"column":null}},"5":{"start":{"line":13,"column":30},"end":{"line":13,"column":null}},"6":{"start":{"line":14,"column":44},"end":{"line":14,"column":null}},"7":{"start":{"line":15,"column":15},"end":{"line":15,"column":null}},"8":{"start":{"line":16,"column":21},"end":{"line":16,"column":null}},"9":{"start":{"line":18,"column":20},"end":{"line":18,"column":null}},"10":{"start":{"line":19,"column":16},"end":{"line":19,"column":null}},"11":{"start":{"line":20,"column":22},"end":{"line":20,"column":null}},"12":{"start":{"line":21,"column":27},"end":{"line":21,"column":null}},"13":{"start":{"line":22,"column":29},"end":{"line":22,"column":null}},"14":{"start":{"line":23,"column":20},"end":{"line":23,"column":null}},"15":{"start":{"line":24,"column":26},"end":{"line":24,"column":null}},"16":{"start":{"line":25,"column":23},"end":{"line":25,"column":null}},"17":{"start":{"line":26,"column":20},"end":{"line":26,"column":null}},"18":{"start":{"line":27,"column":24},"end":{"line":27,"column":null}},"19":{"start":{"line":30,"column":32},"end":{"line":34,"column":null}},"20":{"start":{"line":31,"column":4},"end":{"line":31,"column":null}},"21":{"start":{"line":31,"column":24},"end":{"line":31,"column":null}},"22":{"start":{"line":32,"column":4},"end":{"line":32,"column":null}},"23":{"start":{"line":32,"column":23},"end":{"line":32,"column":null}},"24":{"start":{"line":33,"column":4},"end":{"line":33,"column":null}},"25":{"start":{"line":36,"column":29},"end":{"line":36,"column":null}},"26":{"start":{"line":38,"column":2},"end":{"line":40,"column":null}},"27":{"start":{"line":39,"column":4},"end":{"line":39,"column":null}},"28":{"start":{"line":43,"column":4},"end":{"line":46,"column":null}},"29":{"start":{"line":44,"column":6},"end":{"line":44,"column":null}},"30":{"start":{"line":45,"column":6},"end":{"line":45,"column":null}},"31":{"start":{"line":47,"column":4},"end":{"line":47,"column":null}},"32":{"start":{"line":48,"column":4},"end":{"line":48,"column":null}},"33":{"start":{"line":49,"column":4},"end":{"line":49,"column":null}},"34":{"start":{"line":50,"column":4},"end":{"line":62,"column":null}},"35":{"start":{"line":51,"column":6},"end":{"line":55,"column":null}},"36":{"start":{"line":56,"column":6},"end":{"line":56,"column":null}},"37":{"start":{"line":57,"column":6},"end":{"line":57,"column":null}},"38":{"start":{"line":59,"column":6},"end":{"line":59,"column":null}},"39":{"start":{"line":61,"column":6},"end":{"line":61,"column":null}},"40":{"start":{"line":66,"column":4},"end":{"line":69,"column":null}},"41":{"start":{"line":67,"column":6},"end":{"line":67,"column":null}},"42":{"start":{"line":68,"column":6},"end":{"line":68,"column":null}},"43":{"start":{"line":70,"column":4},"end":{"line":70,"column":null}},"44":{"start":{"line":71,"column":4},"end":{"line":71,"column":null}},"45":{"start":{"line":72,"column":4},"end":{"line":72,"column":null}},"46":{"start":{"line":73,"column":4},"end":{"line":85,"column":null}},"47":{"start":{"line":74,"column":6},"end":{"line":78,"column":null}},"48":{"start":{"line":79,"column":6},"end":{"line":79,"column":null}},"49":{"start":{"line":80,"column":6},"end":{"line":80,"column":null}},"50":{"start":{"line":82,"column":6},"end":{"line":82,"column":null}},"51":{"start":{"line":84,"column":6},"end":{"line":84,"column":null}},"52":{"start":{"line":89,"column":4},"end":{"line":92,"column":null}},"53":{"start":{"line":90,"column":6},"end":{"line":90,"column":null}},"54":{"start":{"line":91,"column":6},"end":{"line":91,"column":null}},"55":{"start":{"line":93,"column":4},"end":{"line":93,"column":null}},"56":{"start":{"line":94,"column":4},"end":{"line":94,"column":null}},"57":{"start":{"line":95,"column":4},"end":{"line":95,"column":null}},"58":{"start":{"line":96,"column":4},"end":{"line":114,"column":null}},"59":{"start":{"line":97,"column":6},"end":{"line":109,"column":null}},"60":{"start":{"line":98,"column":8},"end":{"line":98,"column":null}},"61":{"start":{"line":99,"column":8},"end":{"line":99,"column":null}},"62":{"start":{"line":100,"column":8},"end":{"line":100,"column":null}},"63":{"start":{"line":102,"column":8},"end":{"line":106,"column":null}},"64":{"start":{"line":107,"column":8},"end":{"line":107,"column":null}},"65":{"start":{"line":108,"column":8},"end":{"line":108,"column":null}},"66":{"start":{"line":111,"column":6},"end":{"line":111,"column":null}},"67":{"start":{"line":113,"column":6},"end":{"line":113,"column":null}},"68":{"start":{"line":117,"column":2},"end":{"line":195,"column":null}}},"fnMap":{"0":{"name":"BookItem","decl":{"start":{"line":7,"column":24},"end":{"line":7,"column":33}},"loc":{"start":{"line":7,"column":55},"end":{"line":197,"column":null}},"line":7},"1":{"name":"(anonymous_1)","decl":{"start":{"line":30,"column":32},"end":{"line":30,"column":38}},"loc":{"start":{"line":30,"column":38},"end":{"line":34,"column":null}},"line":30},"2":{"name":"(anonymous_2)","decl":{"start":{"line":38,"column":12},"end":{"line":38,"column":18}},"loc":{"start":{"line":38,"column":18},"end":{"line":40,"column":5}},"line":38},"3":{"name":"borrow","decl":{"start":{"line":42,"column":17},"end":{"line":42,"column":26}},"loc":{"start":{"line":42,"column":26},"end":{"line":63,"column":null}},"line":42},"4":{"name":"reserve","decl":{"start":{"line":65,"column":17},"end":{"line":65,"column":27}},"loc":{"start":{"line":65,"column":27},"end":{"line":86,"column":null}},"line":65},"5":{"name":"toggleFavorite","decl":{"start":{"line":88,"column":17},"end":{"line":88,"column":34}},"loc":{"start":{"line":88,"column":34},"end":{"line":115,"column":null}},"line":88}},"branchMap":{"0":{"loc":{"start":{"line":18,"column":20},"end":{"line":18,"column":null}},"type":"binary-expr","locations":[{"start":{"line":18,"column":20},"end":{"line":18,"column":36}},{"start":{"line":18,"column":36},"end":{"line":18,"column":null}}],"line":18},"1":{"loc":{"start":{"line":19,"column":16},"end":{"line":19,"column":null}},"type":"binary-expr","locations":[{"start":{"line":19,"column":16},"end":{"line":19,"column":37}},{"start":{"line":19,"column":37},"end":{"line":19,"column":null}}],"line":19},"2":{"loc":{"start":{"line":21,"column":27},"end":{"line":21,"column":null}},"type":"binary-expr","locations":[{"start":{"line":21,"column":27},"end":{"line":21,"column":50}},{"start":{"line":21,"column":50},"end":{"line":21,"column":null}}],"line":21},"3":{"loc":{"start":{"line":22,"column":29},"end":{"line":22,"column":null}},"type":"binary-expr","locations":[{"start":{"line":22,"column":29},"end":{"line":22,"column":54}},{"start":{"line":22,"column":54},"end":{"line":22,"column":null}}],"line":22},"4":{"loc":{"start":{"line":27,"column":24},"end":{"line":27,"column":null}},"type":"binary-expr","locations":[{"start":{"line":27,"column":24},"end":{"line":27,"column":53}},{"start":{"line":27,"column":53},"end":{"line":27,"column":77}},{"start":{"line":27,"column":77},"end":{"line":27,"column":null}}],"line":27},"5":{"loc":{"start":{"line":31,"column":4},"end":{"line":31,"column":null}},"type":"if","locations":[{"start":{"line":31,"column":4},"end":{"line":31,"column":null}},{"start":{},"end":{}}],"line":31},"6":{"loc":{"start":{"line":32,"column":4},"end":{"line":32,"column":null}},"type":"if","locations":[{"start":{"line":32,"column":4},"end":{"line":32,"column":null}},{"start":{},"end":{}}],"line":32},"7":{"loc":{"start":{"line":43,"column":4},"end":{"line":46,"column":null}},"type":"if","locations":[{"start":{"line":43,"column":4},"end":{"line":46,"column":null}},{"start":{},"end":{}}],"line":43},"8":{"loc":{"start":{"line":57,"column":6},"end":{"line":57,"column":null}},"type":"binary-expr","locations":[{"start":{"line":57,"column":6},"end":{"line":57,"column":20}},{"start":{"line":57,"column":20},"end":{"line":57,"column":null}}],"line":57},"9":{"loc":{"start":{"line":59,"column":15},"end":{"line":59,"column":73}},"type":"binary-expr","locations":[{"start":{"line":59,"column":15},"end":{"line":59,"column":30}},{"start":{"line":59,"column":30},"end":{"line":59,"column":73}}],"line":59},"10":{"loc":{"start":{"line":66,"column":4},"end":{"line":69,"column":null}},"type":"if","locations":[{"start":{"line":66,"column":4},"end":{"line":69,"column":null}},{"start":{},"end":{}}],"line":66},"11":{"loc":{"start":{"line":82,"column":15},"end":{"line":82,"column":63}},"type":"binary-expr","locations":[{"start":{"line":82,"column":15},"end":{"line":82,"column":30}},{"start":{"line":82,"column":30},"end":{"line":82,"column":63}}],"line":82},"12":{"loc":{"start":{"line":89,"column":4},"end":{"line":92,"column":null}},"type":"if","locations":[{"start":{"line":89,"column":4},"end":{"line":92,"column":null}},{"start":{},"end":{}}],"line":89},"13":{"loc":{"start":{"line":97,"column":6},"end":{"line":109,"column":null}},"type":"if","locations":[{"start":{"line":97,"column":6},"end":{"line":109,"column":null}},{"start":{"line":101,"column":13},"end":{"line":109,"column":null}}],"line":97},"14":{"loc":{"start":{"line":111,"column":15},"end":{"line":111,"column":71}},"type":"binary-expr","locations":[{"start":{"line":111,"column":15},"end":{"line":111,"column":30}},{"start":{"line":111,"column":30},"end":{"line":111,"column":71}}],"line":111},"15":{"loc":{"start":{"line":123,"column":19},"end":{"line":123,"column":57}},"type":"binary-expr","locations":[{"start":{"line":123,"column":19},"end":{"line":123,"column":40}},{"start":{"line":123,"column":40},"end":{"line":123,"column":57}}],"line":123},"16":{"loc":{"start":{"line":124,"column":13},"end":{"line":124,"column":null}},"type":"binary-expr","locations":[{"start":{"line":124,"column":13},"end":{"line":124,"column":32}},{"start":{"line":124,"column":32},"end":{"line":124,"column":null}}],"line":124},"17":{"loc":{"start":{"line":125,"column":13},"end":{"line":125,"column":null}},"type":"binary-expr","locations":[{"start":{"line":125,"column":13},"end":{"line":125,"column":29}},{"start":{"line":125,"column":29},"end":{"line":125,"column":null}}],"line":125},"18":{"loc":{"start":{"line":126,"column":13},"end":{"line":126,"column":null}},"type":"binary-expr","locations":[{"start":{"line":126,"column":13},"end":{"line":126,"column":26}},{"start":{"line":126,"column":26},"end":{"line":126,"column":null}}],"line":126},"19":{"loc":{"start":{"line":127,"column":13},"end":{"line":127,"column":null}},"type":"binary-expr","locations":[{"start":{"line":127,"column":13},"end":{"line":127,"column":30}},{"start":{"line":127,"column":30},"end":{"line":127,"column":null}}],"line":127},"20":{"loc":{"start":{"line":128,"column":10},"end":{"line":133,"column":null}},"type":"binary-expr","locations":[{"start":{"line":129,"column":12},"end":{"line":129,"column":25}},{"start":{"line":129,"column":25},"end":{"line":129,"column":null}},{"start":{"line":130,"column":12},"end":{"line":133,"column":null}}],"line":128},"21":{"loc":{"start":{"line":131,"column":15},"end":{"line":131,"column":null}},"type":"binary-expr","locations":[{"start":{"line":131,"column":15},"end":{"line":131,"column":28}},{"start":{"line":131,"column":28},"end":{"line":131,"column":null}}],"line":131},"22":{"loc":{"start":{"line":132,"column":15},"end":{"line":132,"column":null}},"type":"binary-expr","locations":[{"start":{"line":132,"column":15},"end":{"line":132,"column":28}},{"start":{"line":132,"column":28},"end":{"line":132,"column":null}}],"line":132},"23":{"loc":{"start":{"line":133,"column":12},"end":{"line":139,"column":null}},"type":"binary-expr","locations":[{"start":{"line":135,"column":12},"end":{"line":135,"column":41}},{"start":{"line":135,"column":41},"end":{"line":135,"column":null}},{"start":{"line":136,"column":12},"end":{"line":139,"column":null}}],"line":133},"24":{"loc":{"start":{"line":147,"column":7},"end":{"line":150,"column":null}},"type":"binary-expr","locations":[{"start":{"line":147,"column":7},"end":{"line":147,"column":null}},{"start":{"line":148,"column":8},"end":{"line":150,"column":null}}],"line":147},"25":{"loc":{"start":{"line":149,"column":61},"end":{"line":149,"column":84}},"type":"binary-expr","locations":[{"start":{"line":149,"column":61},"end":{"line":149,"column":81}},{"start":{"line":149,"column":81},"end":{"line":149,"column":84}}],"line":149},"26":{"loc":{"start":{"line":153,"column":7},"end":{"line":154,"column":null}},"type":"binary-expr","locations":[{"start":{"line":153,"column":7},"end":{"line":153,"column":null}},{"start":{"line":154,"column":8},"end":{"line":154,"column":null}}],"line":153},"27":{"loc":{"start":{"line":158,"column":9},"end":{"line":189,"column":null}},"type":"cond-expr","locations":[{"start":{"line":159,"column":10},"end":{"line":184,"column":null}},{"start":{"line":186,"column":10},"end":{"line":189,"column":null}}],"line":158},"28":{"loc":{"start":{"line":162,"column":24},"end":{"line":162,"column":null}},"type":"binary-expr","locations":[{"start":{"line":162,"column":24},"end":{"line":162,"column":40}},{"start":{"line":162,"column":40},"end":{"line":162,"column":null}}],"line":162},"29":{"loc":{"start":{"line":165,"column":15},"end":{"line":165,"column":null}},"type":"cond-expr","locations":[{"start":{"line":165,"column":25},"end":{"line":165,"column":42}},{"start":{"line":165,"column":42},"end":{"line":165,"column":null}}],"line":165},"30":{"loc":{"start":{"line":167,"column":13},"end":{"line":174,"column":null}},"type":"binary-expr","locations":[{"start":{"line":167,"column":13},"end":{"line":167,"column":null}},{"start":{"line":168,"column":14},"end":{"line":174,"column":null}}],"line":167},"31":{"loc":{"start":{"line":170,"column":26},"end":{"line":170,"column":null}},"type":"binary-expr","locations":[{"start":{"line":170,"column":26},"end":{"line":170,"column":44}},{"start":{"line":170,"column":44},"end":{"line":170,"column":null}}],"line":170},"32":{"loc":{"start":{"line":173,"column":17},"end":{"line":173,"column":null}},"type":"cond-expr","locations":[{"start":{"line":173,"column":34},"end":{"line":173,"column":55}},{"start":{"line":173,"column":55},"end":{"line":173,"column":null}}],"line":173},"33":{"loc":{"start":{"line":173,"column":55},"end":{"line":173,"column":null}},"type":"cond-expr","locations":[{"start":{"line":173,"column":66},"end":{"line":173,"column":84}},{"start":{"line":173,"column":84},"end":{"line":173,"column":null}}],"line":173},"34":{"loc":{"start":{"line":181,"column":15},"end":{"line":181,"column":null}},"type":"cond-expr","locations":[{"start":{"line":181,"column":33},"end":{"line":181,"column":52}},{"start":{"line":181,"column":52},"end":{"line":181,"column":null}}],"line":181},"35":{"loc":{"start":{"line":181,"column":52},"end":{"line":181,"column":null}},"type":"cond-expr","locations":[{"start":{"line":181,"column":63},"end":{"line":181,"column":85}},{"start":{"line":181,"column":85},"end":{"line":181,"column":null}}],"line":181},"36":{"loc":{"start":{"line":193,"column":7},"end":{"line":193,"column":null}},"type":"binary-expr","locations":[{"start":{"line":193,"column":7},"end":{"line":193,"column":16}},{"start":{"line":193,"column":16},"end":{"line":193,"column":null}}],"line":193},"37":{"loc":{"start":{"line":194,"column":7},"end":{"line":194,"column":null}},"type":"binary-expr","locations":[{"start":{"line":194,"column":7},"end":{"line":194,"column":18}},{"start":{"line":194,"column":18},"end":{"line":194,"column":null}}],"line":194}},"s":{"0":4,"1":4,"2":4,"3":4,"4":4,"5":4,"6":4,"7":4,"8":4,"9":4,"10":4,"11":4,"12":4,"13":4,"14":4,"15":4,"16":4,"17":4,"18":4,"19":4,"20":4,"21":3,"22":1,"23":1,"24":1,"25":4,"26":4,"27":4,"28":0,"29":0,"30":0,"31":0,"32":0,"33":0,"34":0,"35":0,"36":0,"37":0,"38":0,"39":0,"40":0,"41":0,"42":0,"43":0,"44":0,"45":0,"46":0,"47":0,"48":0,"49":0,"50":0,"51":0,"52":0,"53":0,"54":0,"55":0,"56":0,"57":0,"58":0,"59":0,"60":0,"61":0,"62":0,"63":0,"64":0,"65":0,"66":0,"67":0,"68":4},"f":{"0":4,"1":4,"2":4,"3":0,"4":0,"5":0},"b":{"0":[4,0],"1":[4,0],"2":[4,4],"3":[4,4],"4":[4,4,4],"5":[3,1],"6":[0,1],"7":[0,0],"8":[0,0],"9":[0,0],"10":[0,0],"11":[0,0],"12":[0,0],"13":[0,0],"14":[0,0],"15":[4,0],"16":[4,4],"17":[4,0],"18":[4,4],"19":[4,0],"20":[4,0,4],"21":[4,4],"22":[4,0],"23":[4,0,4],"24":[4,0],"25":[0,0],"26":[4,0],"27":[0,4],"28":[0,0],"29":[0,0],"30":[0,0],"31":[0,0],"32":[0,0],"33":[0,0],"34":[0,0],"35":[0,0],"36":[4,0],"37":[4,0]},"meta":{"lastBranch":38,"lastFunction":6,"lastStatement":69,"seen":{"f:7:24:7:33":0,"s:8:28:8:Infinity":0,"s:9:42:9:Infinity":1,"s:10:24:10:Infinity":2,"s:11:28:11:Infinity":3,"s:12:30:12:Infinity":4,"s:13:30:13:Infinity":5,"s:14:44:14:Infinity":6,"s:15:15:15:Infinity":7,"s:16:21:16:Infinity":8,"s:18:20:18:Infinity":9,"b:18:20:18:36:18:36:18:Infinity":0,"s:19:16:19:Infinity":10,"b:19:16:19:37:19:37:19:Infinity":1,"s:20:22:20:Infinity":11,"s:21:27:21:Infinity":12,"b:21:27:21:50:21:50:21:Infinity":2,"s:22:29:22:Infinity":13,"b:22:29:22:54:22:54:22:Infinity":3,"s:23:20:23:Infinity":14,"s:24:26:24:Infinity":15,"s:25:23:25:Infinity":16,"s:26:20:26:Infinity":17,"s:27:24:27:Infinity":18,"b:27:24:27:53:27:53:27:77:27:77:27:Infinity":4,"s:30:32:34:Infinity":19,"f:30:32:30:38":1,"b:31:4:31:Infinity:undefined:undefined:undefined:undefined":5,"s:31:4:31:Infinity":20,"s:31:24:31:Infinity":21,"b:32:4:32:Infinity:undefined:undefined:undefined:undefined":6,"s:32:4:32:Infinity":22,"s:32:23:32:Infinity":23,"s:33:4:33:Infinity":24,"s:36:29:36:Infinity":25,"s:38:2:40:Infinity":26,"f:38:12:38:18":2,"s:39:4:39:Infinity":27,"f:42:17:42:26":3,"b:43:4:46:Infinity:undefined:undefined:undefined:undefined":7,"s:43:4:46:Infinity":28,"s:44:6:44:Infinity":29,"s:45:6:45:Infinity":30,"s:47:4:47:Infinity":31,"s:48:4:48:Infinity":32,"s:49:4:49:Infinity":33,"s:50:4:62:Infinity":34,"s:51:6:55:Infinity":35,"s:56:6:56:Infinity":36,"s:57:6:57:Infinity":37,"b:57:6:57:20:57:20:57:Infinity":8,"s:59:6:59:Infinity":38,"b:59:15:59:30:59:30:59:73":9,"s:61:6:61:Infinity":39,"f:65:17:65:27":4,"b:66:4:69:Infinity:undefined:undefined:undefined:undefined":10,"s:66:4:69:Infinity":40,"s:67:6:67:Infinity":41,"s:68:6:68:Infinity":42,"s:70:4:70:Infinity":43,"s:71:4:71:Infinity":44,"s:72:4:72:Infinity":45,"s:73:4:85:Infinity":46,"s:74:6:78:Infinity":47,"s:79:6:79:Infinity":48,"s:80:6:80:Infinity":49,"s:82:6:82:Infinity":50,"b:82:15:82:30:82:30:82:63":11,"s:84:6:84:Infinity":51,"f:88:17:88:34":5,"b:89:4:92:Infinity:undefined:undefined:undefined:undefined":12,"s:89:4:92:Infinity":52,"s:90:6:90:Infinity":53,"s:91:6:91:Infinity":54,"s:93:4:93:Infinity":55,"s:94:4:94:Infinity":56,"s:95:4:95:Infinity":57,"s:96:4:114:Infinity":58,"b:97:6:109:Infinity:101:13:109:Infinity":13,"s:97:6:109:Infinity":59,"s:98:8:98:Infinity":60,"s:99:8:99:Infinity":61,"s:100:8:100:Infinity":62,"s:102:8:106:Infinity":63,"s:107:8:107:Infinity":64,"s:108:8:108:Infinity":65,"s:111:6:111:Infinity":66,"b:111:15:111:30:111:30:111:71":14,"s:113:6:113:Infinity":67,"s:117:2:195:Infinity":68,"b:123:19:123:40:123:40:123:57":15,"b:124:13:124:32:124:32:124:Infinity":16,"b:125:13:125:29:125:29:125:Infinity":17,"b:126:13:126:26:126:26:126:Infinity":18,"b:127:13:127:30:127:30:127:Infinity":19,"b:129:12:129:25:129:25:129:Infinity:130:12:133:Infinity":20,"b:131:15:131:28:131:28:131:Infinity":21,"b:132:15:132:28:132:28:132:Infinity":22,"b:135:12:135:41:135:41:135:Infinity:136:12:139:Infinity":23,"b:147:7:147:Infinity:148:8:150:Infinity":24,"b:149:61:149:81:149:81:149:84":25,"b:153:7:153:Infinity:154:8:154:Infinity":26,"b:159:10:184:Infinity:186:10:189:Infinity":27,"b:162:24:162:40:162:40:162:Infinity":28,"b:165:25:165:42:165:42:165:Infinity":29,"b:167:13:167:Infinity:168:14:174:Infinity":30,"b:170:26:170:44:170:44:170:Infinity":31,"b:173:34:173:55:173:55:173:Infinity":32,"b:173:66:173:84:173:84:173:Infinity":33,"b:181:33:181:52:181:52:181:Infinity":34,"b:181:63:181:85:181:85:181:Infinity":35,"b:193:7:193:16:193:16:193:Infinity":36,"b:194:7:194:18:194:18:194:Infinity":37}}}
,"C:\\Users\\Bartek\\Desktop\\Biblioteka\\frontend\\src\\components\\EmptyState.jsx": {"path":"C:\\Users\\Bartek\\Desktop\\Biblioteka\\frontend\\src\\components\\EmptyState.jsx","statementMap":{"0":{"start":{"line":10,"column":2},"end":{"line":20,"column":null}}},"fnMap":{"0":{"name":"EmptyState","decl":{"start":{"line":4,"column":24},"end":{"line":4,"column":35}},"loc":{"start":{"line":9,"column":3},"end":{"line":22,"column":null}},"line":9}},"branchMap":{"0":{"loc":{"start":{"line":5,"column":8},"end":{"line":5,"column":null}},"type":"default-arg","locations":[{"start":{"line":5,"column":15},"end":{"line":5,"column":null}}],"line":5},"1":{"loc":{"start":{"line":6,"column":2},"end":{"line":6,"column":null}},"type":"default-arg","locations":[{"start":{"line":6,"column":10},"end":{"line":6,"column":null}}],"line":6},"2":{"loc":{"start":{"line":14,"column":7},"end":{"line":14,"column":null}},"type":"binary-expr","locations":[{"start":{"line":14,"column":7},"end":{"line":14,"column":18}},{"start":{"line":14,"column":18},"end":{"line":14,"column":null}}],"line":14},"3":{"loc":{"start":{"line":15,"column":7},"end":{"line":18,"column":null}},"type":"binary-expr","locations":[{"start":{"line":15,"column":7},"end":{"line":15,"column":null}},{"start":{"line":16,"column":8},"end":{"line":18,"column":null}}],"line":15}},"s":{"0":2},"f":{"0":2},"b":{"0":[2],"1":[2],"2":[2,1],"3":[2,1]},"meta":{"lastBranch":4,"lastFunction":1,"lastStatement":1,"seen":{"f:4:24:4:35":0,"b:5:15:5:Infinity":0,"b:6:10:6:Infinity":1,"s:10:2:20:Infinity":0,"b:14:7:14:18:14:18:14:Infinity":2,"b:15:7:15:Infinity:16:8:18:Infinity":3}}}
,"C:\\Users\\Bartek\\Desktop\\Biblioteka\\frontend\\src\\components\\FilterPanel.jsx": {"path":"C:\\Users\\Bartek\\Desktop\\Biblioteka\\frontend\\src\\components\\FilterPanel.jsx","statementMap":{"0":{"start":{"line":5,"column":26},"end":{"line":5,"column":null}},"1":{"start":{"line":8,"column":4},"end":{"line":11,"column":null}},"2":{"start":{"line":15,"column":4},"end":{"line":15,"column":null}},"3":{"start":{"line":18,"column":29},"end":{"line":18,"column":null}},"4":{"start":{"line":18,"column":64},"end":{"line":18,"column":76}},"5":{"start":{"line":20,"column":2},"end":{"line":112,"column":null}},"6":{"start":{"line":24,"column":23},"end":{"line":24,"column":null}},"7":{"start":{"line":36,"column":60},"end":{"line":36,"column":null}},"8":{"start":{"line":47,"column":35},"end":{"line":47,"column":null}},"9":{"start":{"line":52,"column":20},"end":{"line":52,"column":null}},"10":{"start":{"line":63,"column":35},"end":{"line":63,"column":null}},"11":{"start":{"line":68,"column":20},"end":{"line":68,"column":null}},"12":{"start":{"line":79,"column":35},"end":{"line":79,"column":null}},"13":{"start":{"line":84,"column":20},"end":{"line":84,"column":null}},"14":{"start":{"line":95,"column":35},"end":{"line":95,"column":null}},"15":{"start":{"line":106,"column":63},"end":{"line":106,"column":81}}},"fnMap":{"0":{"name":"FilterPanel","decl":{"start":{"line":4,"column":24},"end":{"line":4,"column":36}},"loc":{"start":{"line":4,"column":83},"end":{"line":114,"column":null}},"line":4},"1":{"name":"handleFilterChange","decl":{"start":{"line":7,"column":11},"end":{"line":7,"column":30}},"loc":{"start":{"line":7,"column":48},"end":{"line":12,"column":null}},"line":7},"2":{"name":"clearFilters","decl":{"start":{"line":14,"column":11},"end":{"line":14,"column":26}},"loc":{"start":{"line":14,"column":26},"end":{"line":16,"column":null}},"line":14},"3":{"name":"(anonymous_3)","decl":{"start":{"line":18,"column":57},"end":{"line":18,"column":64}},"loc":{"start":{"line":18,"column":64},"end":{"line":18,"column":76}},"line":18},"4":{"name":"(anonymous_4)","decl":{"start":{"line":24,"column":17},"end":{"line":24,"column":23}},"loc":{"start":{"line":24,"column":23},"end":{"line":24,"column":null}},"line":24},"5":{"name":"(anonymous_5)","decl":{"start":{"line":36,"column":54},"end":{"line":36,"column":60}},"loc":{"start":{"line":36,"column":60},"end":{"line":36,"column":null}},"line":36},"6":{"name":"(anonymous_6)","decl":{"start":{"line":47,"column":28},"end":{"line":47,"column":29}},"loc":{"start":{"line":47,"column":35},"end":{"line":47,"column":null}},"line":47},"7":{"name":"(anonymous_7)","decl":{"start":{"line":51,"column":47},"end":{"line":51,"column":null}},"loc":{"start":{"line":52,"column":20},"end":{"line":52,"column":null}},"line":52},"8":{"name":"(anonymous_8)","decl":{"start":{"line":63,"column":28},"end":{"line":63,"column":29}},"loc":{"start":{"line":63,"column":35},"end":{"line":63,"column":null}},"line":63},"9":{"name":"(anonymous_9)","decl":{"start":{"line":67,"column":48},"end":{"line":67,"column":null}},"loc":{"start":{"line":68,"column":20},"end":{"line":68,"column":null}},"line":68},"10":{"name":"(anonymous_10)","decl":{"start":{"line":79,"column":28},"end":{"line":79,"column":29}},"loc":{"start":{"line":79,"column":35},"end":{"line":79,"column":null}},"line":79},"11":{"name":"(anonymous_11)","decl":{"start":{"line":83,"column":46},"end":{"line":83,"column":null}},"loc":{"start":{"line":84,"column":20},"end":{"line":84,"column":null}},"line":84},"12":{"name":"(anonymous_12)","decl":{"start":{"line":95,"column":28},"end":{"line":95,"column":29}},"loc":{"start":{"line":95,"column":35},"end":{"line":95,"column":null}},"line":95},"13":{"name":"(anonymous_13)","decl":{"start":{"line":106,"column":57},"end":{"line":106,"column":63}},"loc":{"start":{"line":106,"column":63},"end":{"line":106,"column":81}},"line":106}},"branchMap":{"0":{"loc":{"start":{"line":27,"column":9},"end":{"line":28,"column":null}},"type":"binary-expr","locations":[{"start":{"line":27,"column":9},"end":{"line":27,"column":null}},{"start":{"line":28,"column":10},"end":{"line":28,"column":null}}],"line":27},"1":{"loc":{"start":{"line":32,"column":7},"end":{"line":110,"column":null}},"type":"binary-expr","locations":[{"start":{"line":32,"column":7},"end":{"line":32,"column":null}},{"start":{"line":33,"column":8},"end":{"line":110,"column":null}}],"line":32},"2":{"loc":{"start":{"line":42,"column":13},"end":{"line":55,"column":null}},"type":"binary-expr","locations":[{"start":{"line":42,"column":13},"end":{"line":42,"column":null}},{"start":{"line":43,"column":14},"end":{"line":55,"column":null}}],"line":42},"3":{"loc":{"start":{"line":46,"column":25},"end":{"line":46,"column":null}},"type":"binary-expr","locations":[{"start":{"line":46,"column":25},"end":{"line":46,"column":42}},{"start":{"line":46,"column":42},"end":{"line":46,"column":null}}],"line":46},"4":{"loc":{"start":{"line":58,"column":13},"end":{"line":71,"column":null}},"type":"binary-expr","locations":[{"start":{"line":58,"column":13},"end":{"line":58,"column":null}},{"start":{"line":59,"column":14},"end":{"line":71,"column":null}}],"line":58},"5":{"loc":{"start":{"line":62,"column":25},"end":{"line":62,"column":null}},"type":"binary-expr","locations":[{"start":{"line":62,"column":25},"end":{"line":62,"column":43}},{"start":{"line":62,"column":43},"end":{"line":62,"column":null}}],"line":62},"6":{"loc":{"start":{"line":74,"column":13},"end":{"line":87,"column":null}},"type":"binary-expr","locations":[{"start":{"line":74,"column":13},"end":{"line":74,"column":null}},{"start":{"line":75,"column":14},"end":{"line":87,"column":null}}],"line":74},"7":{"loc":{"start":{"line":78,"column":25},"end":{"line":78,"column":null}},"type":"binary-expr","locations":[{"start":{"line":78,"column":25},"end":{"line":78,"column":41}},{"start":{"line":78,"column":41},"end":{"line":78,"column":null}}],"line":78},"8":{"loc":{"start":{"line":94,"column":27},"end":{"line":94,"column":null}},"type":"binary-expr","locations":[{"start":{"line":94,"column":27},"end":{"line":94,"column":52}},{"start":{"line":94,"column":52},"end":{"line":94,"column":null}}],"line":94}},"s":{"0":7,"1":1,"2":1,"3":7,"4":6,"5":7,"6":3,"7":0,"8":1,"9":6,"10":0,"11":6,"12":0,"13":6,"14":0,"15":0},"f":{"0":7,"1":1,"2":1,"3":6,"4":3,"5":0,"6":1,"7":6,"8":0,"9":6,"10":0,"11":6,"12":0,"13":0},"b":{"0":[7,3],"1":[7,3],"2":[3,3],"3":[3,2],"4":[3,3],"5":[3,3],"6":[3,3],"7":[3,3],"8":[3,2]},"meta":{"lastBranch":9,"lastFunction":14,"lastStatement":16,"seen":{"f:4:24:4:36":0,"s:5:26:5:Infinity":0,"f:7:11:7:30":1,"s:8:4:11:Infinity":1,"f:14:11:14:26":2,"s:15:4:15:Infinity":2,"s:18:29:18:Infinity":3,"f:18:57:18:64":3,"s:18:64:18:76":4,"s:20:2:112:Infinity":5,"f:24:17:24:23":4,"s:24:23:24:Infinity":6,"b:27:9:27:Infinity:28:10:28:Infinity":0,"b:32:7:32:Infinity:33:8:110:Infinity":1,"f:36:54:36:60":5,"s:36:60:36:Infinity":7,"b:42:13:42:Infinity:43:14:55:Infinity":2,"b:46:25:46:42:46:42:46:Infinity":3,"f:47:28:47:29":6,"s:47:35:47:Infinity":8,"f:51:47:51:Infinity":7,"s:52:20:52:Infinity":9,"b:58:13:58:Infinity:59:14:71:Infinity":4,"b:62:25:62:43:62:43:62:Infinity":5,"f:63:28:63:29":8,"s:63:35:63:Infinity":10,"f:67:48:67:Infinity":9,"s:68:20:68:Infinity":11,"b:74:13:74:Infinity:75:14:87:Infinity":6,"b:78:25:78:41:78:41:78:Infinity":7,"f:79:28:79:29":10,"s:79:35:79:Infinity":12,"f:83:46:83:Infinity":11,"s:84:20:84:Infinity":13,"b:94:27:94:52:94:52:94:Infinity":8,"f:95:28:95:29":12,"s:95:35:95:Infinity":14,"f:106:57:106:63":13,"s:106:63:106:81":15}}}
,"C:\\Users\\Bartek\\Desktop\\Biblioteka\\frontend\\src\\components\\LoanCard.jsx": {"path":"C:\\Users\\Bartek\\Desktop\\Biblioteka\\frontend\\src\\components\\LoanCard.jsx","statementMap":{"0":{"start":{"line":7,"column":18},"end":{"line":7,"column":null}},"1":{"start":{"line":8,"column":23},"end":{"line":8,"column":null}},"2":{"start":{"line":9,"column":23},"end":{"line":9,"column":null}},"3":{"start":{"line":11,"column":19},"end":{"line":11,"column":null}},"4":{"start":{"line":12,"column":20},"end":{"line":12,"column":null}},"5":{"start":{"line":13,"column":21},"end":{"line":13,"column":null}},"6":{"start":{"line":15,"column":22},"end":{"line":15,"column":null}},"7":{"start":{"line":17,"column":2},"end":{"line":81,"column":null}},"8":{"start":{"line":65,"column":29},"end":{"line":65,"column":null}},"9":{"start":{"line":74,"column":29},"end":{"line":74,"column":null}}},"fnMap":{"0":{"name":"LoanCard","decl":{"start":{"line":6,"column":24},"end":{"line":6,"column":33}},"loc":{"start":{"line":6,"column":63},"end":{"line":83,"column":null}},"line":6},"1":{"name":"(anonymous_1)","decl":{"start":{"line":65,"column":23},"end":{"line":65,"column":29}},"loc":{"start":{"line":65,"column":29},"end":{"line":65,"column":null}},"line":65},"2":{"name":"(anonymous_2)","decl":{"start":{"line":74,"column":23},"end":{"line":74,"column":29}},"loc":{"start":{"line":74,"column":29},"end":{"line":74,"column":null}},"line":74}},"branchMap":{"0":{"loc":{"start":{"line":7,"column":18},"end":{"line":7,"column":null}},"type":"cond-expr","locations":[{"start":{"line":7,"column":31},"end":{"line":7,"column":54}},{"start":{"line":7,"column":54},"end":{"line":7,"column":null}}],"line":7},"1":{"loc":{"start":{"line":8,"column":23},"end":{"line":8,"column":null}},"type":"cond-expr","locations":[{"start":{"line":8,"column":41},"end":{"line":8,"column":69}},{"start":{"line":8,"column":69},"end":{"line":8,"column":null}}],"line":8},"2":{"loc":{"start":{"line":9,"column":23},"end":{"line":9,"column":null}},"type":"cond-expr","locations":[{"start":{"line":9,"column":41},"end":{"line":9,"column":69}},{"start":{"line":9,"column":69},"end":{"line":9,"column":null}}],"line":9},"3":{"loc":{"start":{"line":11,"column":19},"end":{"line":11,"column":null}},"type":"cond-expr","locations":[{"start":{"line":11,"column":19},"end":{"line":11,"column":69}},{"start":{"line":11,"column":69},"end":{"line":11,"column":null}}],"line":11},"4":{"loc":{"start":{"line":12,"column":20},"end":{"line":12,"column":null}},"type":"binary-expr","locations":[{"start":{"line":12,"column":20},"end":{"line":12,"column":41}},{"start":{"line":12,"column":41},"end":{"line":12,"column":null}}],"line":12},"5":{"loc":{"start":{"line":15,"column":22},"end":{"line":15,"column":null}},"type":"cond-expr","locations":[{"start":{"line":15,"column":35},"end":{"line":15,"column":48}},{"start":{"line":15,"column":48},"end":{"line":15,"column":null}}],"line":15},"6":{"loc":{"start":{"line":15,"column":48},"end":{"line":15,"column":null}},"type":"cond-expr","locations":[{"start":{"line":15,"column":60},"end":{"line":15,"column":72}},{"start":{"line":15,"column":72},"end":{"line":15,"column":null}}],"line":15},"7":{"loc":{"start":{"line":15,"column":72},"end":{"line":15,"column":null}},"type":"cond-expr","locations":[{"start":{"line":15,"column":88},"end":{"line":15,"column":100}},{"start":{"line":15,"column":100},"end":{"line":15,"column":null}}],"line":15},"8":{"loc":{"start":{"line":22,"column":15},"end":{"line":22,"column":54}},"type":"binary-expr","locations":[{"start":{"line":22,"column":15},"end":{"line":22,"column":35}},{"start":{"line":22,"column":35},"end":{"line":22,"column":54}}],"line":22},"9":{"loc":{"start":{"line":23,"column":38},"end":{"line":23,"column":62}},"type":"binary-expr","locations":[{"start":{"line":23,"column":38},"end":{"line":23,"column":59}},{"start":{"line":23,"column":59},"end":{"line":23,"column":62}}],"line":23},"10":{"loc":{"start":{"line":28,"column":9},"end":{"line":31,"column":null}},"type":"binary-expr","locations":[{"start":{"line":28,"column":9},"end":{"line":28,"column":null}},{"start":{"line":29,"column":10},"end":{"line":31,"column":null}}],"line":28},"11":{"loc":{"start":{"line":34,"column":9},"end":{"line":44,"column":null}},"type":"binary-expr","locations":[{"start":{"line":34,"column":9},"end":{"line":34,"column":20}},{"start":{"line":34,"column":20},"end":{"line":34,"column":null}},{"start":{"line":35,"column":10},"end":{"line":44,"column":null}}],"line":34},"12":{"loc":{"start":{"line":37,"column":13},"end":{"line":42,"column":null}},"type":"binary-expr","locations":[{"start":{"line":37,"column":13},"end":{"line":37,"column":null}},{"start":{"line":38,"column":14},"end":{"line":42,"column":null}}],"line":37},"13":{"loc":{"start":{"line":38,"column":44},"end":{"line":38,"column":70}},"type":"cond-expr","locations":[{"start":{"line":38,"column":56},"end":{"line":38,"column":68}},{"start":{"line":38,"column":68},"end":{"line":38,"column":70}}],"line":38},"14":{"loc":{"start":{"line":39,"column":17},"end":{"line":41,"column":null}},"type":"cond-expr","locations":[{"start":{"line":40,"column":20},"end":{"line":40,"column":null}},{"start":{"line":41,"column":20},"end":{"line":41,"column":null}}],"line":39},"15":{"loc":{"start":{"line":47,"column":9},"end":{"line":50,"column":null}},"type":"binary-expr","locations":[{"start":{"line":47,"column":9},"end":{"line":47,"column":null}},{"start":{"line":48,"column":10},"end":{"line":50,"column":null}}],"line":47},"16":{"loc":{"start":{"line":53,"column":9},"end":{"line":56,"column":null}},"type":"binary-expr","locations":[{"start":{"line":53,"column":9},"end":{"line":53,"column":null}},{"start":{"line":54,"column":10},"end":{"line":56,"column":null}}],"line":53},"17":{"loc":{"start":{"line":60,"column":7},"end":{"line":79,"column":null}},"type":"binary-expr","locations":[{"start":{"line":60,"column":7},"end":{"line":60,"column":null}},{"start":{"line":61,"column":8},"end":{"line":79,"column":null}}],"line":60},"18":{"loc":{"start":{"line":62,"column":11},"end":{"line":69,"column":null}},"type":"binary-expr","locations":[{"start":{"line":62,"column":11},"end":{"line":62,"column":null}},{"start":{"line":63,"column":12},"end":{"line":69,"column":null}}],"line":62},"19":{"loc":{"start":{"line":71,"column":11},"end":{"line":77,"column":null}},"type":"binary-expr","locations":[{"start":{"line":71,"column":11},"end":{"line":71,"column":null}},{"start":{"line":72,"column":12},"end":{"line":77,"column":null}}],"line":71}},"s":{"0":3,"1":3,"2":3,"3":3,"4":3,"5":3,"6":3,"7":3,"8":0,"9":0},"f":{"0":3,"1":0,"2":0},"b":{"0":[3,0],"1":[3,0],"2":[0,3],"3":[3,0],"4":[3,3],"5":[0,3],"6":[3,0],"7":[0,0],"8":[3,0],"9":[3,0],"10":[3,3],"11":[3,3,3],"12":[3,3],"13":[3,0],"14":[3,0],"15":[3,0],"16":[3,0],"17":[3,3],"18":[3,0],"19":[3,0]},"meta":{"lastBranch":20,"lastFunction":3,"lastStatement":10,"seen":{"f:6:24:6:33":0,"s:7:18:7:Infinity":0,"b:7:31:7:54:7:54:7:Infinity":0,"s:8:23:8:Infinity":1,"b:8:41:8:69:8:69:8:Infinity":1,"s:9:23:9:Infinity":2,"b:9:41:9:69:9:69:9:Infinity":2,"s:11:19:11:Infinity":3,"b:11:19:11:69:11:69:11:Infinity":3,"s:12:20:12:Infinity":4,"b:12:20:12:41:12:41:12:Infinity":4,"s:13:21:13:Infinity":5,"s:15:22:15:Infinity":6,"b:15:35:15:48:15:48:15:Infinity":5,"b:15:60:15:72:15:72:15:Infinity":6,"b:15:88:15:100:15:100:15:Infinity":7,"s:17:2:81:Infinity":7,"b:22:15:22:35:22:35:22:54":8,"b:23:38:23:59:23:59:23:62":9,"b:28:9:28:Infinity:29:10:31:Infinity":10,"b:34:9:34:20:34:20:34:Infinity:35:10:44:Infinity":11,"b:37:13:37:Infinity:38:14:42:Infinity":12,"b:38:56:38:68:38:68:38:70":13,"b:40:20:40:Infinity:41:20:41:Infinity":14,"b:47:9:47:Infinity:48:10:50:Infinity":15,"b:53:9:53:Infinity:54:10:56:Infinity":16,"b:60:7:60:Infinity:61:8:79:Infinity":17,"b:62:11:62:Infinity:63:12:69:Infinity":18,"f:65:23:65:29":1,"s:65:29:65:Infinity":8,"b:71:11:71:Infinity:72:12:77:Infinity":19,"f:74:23:74:29":2,"s:74:29:74:Infinity":9}}}
,"C:\\Users\\Bartek\\Desktop\\Biblioteka\\frontend\\src\\components\\Modal.jsx": {"path":"C:\\Users\\Bartek\\Desktop\\Biblioteka\\frontend\\src\\components\\Modal.jsx","statementMap":{"0":{"start":{"line":4,"column":2},"end":{"line":4,"column":null}},"1":{"start":{"line":4,"column":15},"end":{"line":4,"column":null}},"2":{"start":{"line":6,"column":2},"end":{"line":24,"column":null}},"3":{"start":{"line":8,"column":53},"end":{"line":8,"column":null}}},"fnMap":{"0":{"name":"Modal","decl":{"start":{"line":3,"column":24},"end":{"line":3,"column":30}},"loc":{"start":{"line":3,"column":76},"end":{"line":26,"column":null}},"line":3},"1":{"name":"(anonymous_1)","decl":{"start":{"line":8,"column":46},"end":{"line":8,"column":47}},"loc":{"start":{"line":8,"column":53},"end":{"line":8,"column":null}},"line":8}},"branchMap":{"0":{"loc":{"start":{"line":4,"column":2},"end":{"line":4,"column":null}},"type":"if","locations":[{"start":{"line":4,"column":2},"end":{"line":4,"column":null}},{"start":{},"end":{}}],"line":4},"1":{"loc":{"start":{"line":18,"column":9},"end":{"line":21,"column":null}},"type":"binary-expr","locations":[{"start":{"line":18,"column":9},"end":{"line":18,"column":null}},{"start":{"line":19,"column":10},"end":{"line":21,"column":null}}],"line":18}},"s":{"0":3,"1":1,"2":2,"3":1},"f":{"0":3,"1":1},"b":{"0":[1,2],"1":[2,1]},"meta":{"lastBranch":2,"lastFunction":2,"lastStatement":4,"seen":{"f:3:24:3:30":0,"b:4:2:4:Infinity:undefined:undefined:undefined:undefined":0,"s:4:2:4:Infinity":0,"s:4:15:4:Infinity":1,"s:6:2:24:Infinity":2,"f:8:46:8:47":1,"s:8:53:8:Infinity":3,"b:18:9:18:Infinity:19:10:21:Infinity":1}}}
,"C:\\Users\\Bartek\\Desktop\\Biblioteka\\frontend\\src\\components\\Pagination.jsx": {"path":"C:\\Users\\Bartek\\Desktop\\Biblioteka\\frontend\\src\\components\\Pagination.jsx","statementMap":{"0":{"start":{"line":4,"column":2},"end":{"line":4,"column":null}},"1":{"start":{"line":4,"column":23},"end":{"line":4,"column":null}},"2":{"start":{"line":6,"column":16},"end":{"line":6,"column":null}},"3":{"start":{"line":7,"column":25},"end":{"line":7,"column":null}},"4":{"start":{"line":8,"column":18},"end":{"line":8,"column":null}},"5":{"start":{"line":9,"column":16},"end":{"line":9,"column":null}},"6":{"start":{"line":11,"column":2},"end":{"line":13,"column":null}},"7":{"start":{"line":12,"column":4},"end":{"line":12,"column":null}},"8":{"start":{"line":15,"column":2},"end":{"line":24,"column":null}},"9":{"start":{"line":16,"column":4},"end":{"line":20,"column":null}},"10":{"start":{"line":17,"column":37},"end":{"line":17,"column":54}},"11":{"start":{"line":21,"column":4},"end":{"line":23,"column":null}},"12":{"start":{"line":22,"column":6},"end":{"line":22,"column":null}},"13":{"start":{"line":26,"column":2},"end":{"line":36,"column":null}},"14":{"start":{"line":26,"column":15},"end":{"line":26,"column":26}},"15":{"start":{"line":27,"column":4},"end":{"line":35,"column":null}},"16":{"start":{"line":30,"column":23},"end":{"line":30,"column":null}},"17":{"start":{"line":38,"column":2},"end":{"line":47,"column":null}},"18":{"start":{"line":39,"column":4},"end":{"line":41,"column":null}},"19":{"start":{"line":40,"column":6},"end":{"line":40,"column":null}},"20":{"start":{"line":42,"column":4},"end":{"line":46,"column":null}},"21":{"start":{"line":43,"column":46},"end":{"line":43,"column":72}},"22":{"start":{"line":49,"column":2},"end":{"line":66,"column":null}},"23":{"start":{"line":52,"column":23},"end":{"line":52,"column":null}},"24":{"start":{"line":60,"column":23},"end":{"line":60,"column":null}}},"fnMap":{"0":{"name":"Pagination","decl":{"start":{"line":3,"column":24},"end":{"line":3,"column":35}},"loc":{"start":{"line":3,"column":78},"end":{"line":68,"column":null}},"line":3},"1":{"name":"(anonymous_1)","decl":{"start":{"line":17,"column":31},"end":{"line":17,"column":37}},"loc":{"start":{"line":17,"column":37},"end":{"line":17,"column":54}},"line":17},"2":{"name":"(anonymous_2)","decl":{"start":{"line":30,"column":17},"end":{"line":30,"column":23}},"loc":{"start":{"line":30,"column":23},"end":{"line":30,"column":null}},"line":30},"3":{"name":"(anonymous_3)","decl":{"start":{"line":43,"column":40},"end":{"line":43,"column":46}},"loc":{"start":{"line":43,"column":46},"end":{"line":43,"column":72}},"line":43},"4":{"name":"(anonymous_4)","decl":{"start":{"line":52,"column":17},"end":{"line":52,"column":23}},"loc":{"start":{"line":52,"column":23},"end":{"line":52,"column":null}},"line":52},"5":{"name":"(anonymous_5)","decl":{"start":{"line":60,"column":17},"end":{"line":60,"column":23}},"loc":{"start":{"line":60,"column":23},"end":{"line":60,"column":null}},"line":60}},"branchMap":{"0":{"loc":{"start":{"line":4,"column":2},"end":{"line":4,"column":null}},"type":"if","locations":[{"start":{"line":4,"column":2},"end":{"line":4,"column":null}},{"start":{},"end":{}}],"line":4},"1":{"loc":{"start":{"line":11,"column":2},"end":{"line":13,"column":null}},"type":"if","locations":[{"start":{"line":11,"column":2},"end":{"line":13,"column":null}},{"start":{},"end":{}}],"line":11},"2":{"loc":{"start":{"line":15,"column":2},"end":{"line":24,"column":null}},"type":"if","locations":[{"start":{"line":15,"column":2},"end":{"line":24,"column":null}},{"start":{},"end":{}}],"line":15},"3":{"loc":{"start":{"line":21,"column":4},"end":{"line":23,"column":null}},"type":"if","locations":[{"start":{"line":21,"column":4},"end":{"line":23,"column":null}},{"start":{},"end":{}}],"line":21},"4":{"loc":{"start":{"line":31,"column":37},"end":{"line":31,"column":70}},"type":"cond-expr","locations":[{"start":{"line":31,"column":57},"end":{"line":31,"column":68}},{"start":{"line":31,"column":68},"end":{"line":31,"column":70}}],"line":31},"5":{"loc":{"start":{"line":38,"column":2},"end":{"line":47,"column":null}},"type":"if","locations":[{"start":{"line":38,"column":2},"end":{"line":47,"column":null}},{"start":{},"end":{}}],"line":38},"6":{"loc":{"start":{"line":39,"column":4},"end":{"line":41,"column":null}},"type":"if","locations":[{"start":{"line":39,"column":4},"end":{"line":41,"column":null}},{"start":{},"end":{}}],"line":39}},"s":{"0":3,"1":1,"2":2,"3":2,"4":2,"5":2,"6":2,"7":1,"8":2,"9":1,"10":0,"11":1,"12":1,"13":2,"14":2,"15":8,"16":1,"17":8,"18":1,"19":1,"20":1,"21":0,"22":2,"23":1,"24":1},"f":{"0":3,"1":0,"2":1,"3":0,"4":1,"5":1},"b":{"0":[1,2],"1":[1,1],"2":[1,1],"3":[1,0],"4":[2,6],"5":[1,7],"6":[1,0]},"meta":{"lastBranch":7,"lastFunction":6,"lastStatement":25,"seen":{"f:3:24:3:35":0,"b:4:2:4:Infinity:undefined:undefined:undefined:undefined":0,"s:4:2:4:Infinity":0,"s:4:23:4:Infinity":1,"s:6:16:6:Infinity":2,"s:7:25:7:Infinity":3,"s:8:18:8:Infinity":4,"s:9:16:9:Infinity":5,"b:11:2:13:Infinity:undefined:undefined:undefined:undefined":1,"s:11:2:13:Infinity":6,"s:12:4:12:Infinity":7,"b:15:2:24:Infinity:undefined:undefined:undefined:undefined":2,"s:15:2:24:Infinity":8,"s:16:4:20:Infinity":9,"f:17:31:17:37":1,"s:17:37:17:54":10,"b:21:4:23:Infinity:undefined:undefined:undefined:undefined":3,"s:21:4:23:Infinity":11,"s:22:6:22:Infinity":12,"s:26:2:36:Infinity":13,"s:26:15:26:26":14,"s:27:4:35:Infinity":15,"f:30:17:30:23":2,"s:30:23:30:Infinity":16,"b:31:57:31:68:31:68:31:70":4,"b:38:2:47:Infinity:undefined:undefined:undefined:undefined":5,"s:38:2:47:Infinity":17,"b:39:4:41:Infinity:undefined:undefined:undefined:undefined":6,"s:39:4:41:Infinity":18,"s:40:6:40:Infinity":19,"s:42:4:46:Infinity":20,"f:43:40:43:46":3,"s:43:46:43:72":21,"s:49:2:66:Infinity":22,"f:52:17:52:23":4,"s:52:23:52:Infinity":23,"f:60:17:60:23":5,"s:60:23:60:Infinity":24}}}
,"C:\\Users\\Bartek\\Desktop\\Biblioteka\\frontend\\src\\components\\RequireRole.jsx": {"path":"C:\\Users\\Bartek\\Desktop\\Biblioteka\\frontend\\src\\components\\RequireRole.jsx","statementMap":{"0":{"start":{"line":6,"column":15},"end":{"line":6,"column":null}},"1":{"start":{"line":7,"column":8},"end":{"line":7,"column":null}},"2":{"start":{"line":8,"column":16},"end":{"line":8,"column":null}},"3":{"start":{"line":9,"column":20},"end":{"line":9,"column":null}},"4":{"start":{"line":9,"column":39},"end":{"line":9,"column":61}},"5":{"start":{"line":11,"column":2},"end":{"line":13,"column":null}},"6":{"start":{"line":12,"column":4},"end":{"line":12,"column":null}},"7":{"start":{"line":15,"column":2},"end":{"line":24,"column":null}},"8":{"start":{"line":16,"column":4},"end":{"line":22,"column":null}},"9":{"start":{"line":26,"column":2},"end":{"line":26,"column":null}}},"fnMap":{"0":{"name":"RequireRole","decl":{"start":{"line":5,"column":24},"end":{"line":5,"column":36}},"loc":{"start":{"line":5,"column":59},"end":{"line":27,"column":null}},"line":5},"1":{"name":"(anonymous_1)","decl":{"start":{"line":9,"column":31},"end":{"line":9,"column":39}},"loc":{"start":{"line":9,"column":39},"end":{"line":9,"column":61}},"line":9}},"branchMap":{"0":{"loc":{"start":{"line":8,"column":16},"end":{"line":8,"column":null}},"type":"binary-expr","locations":[{"start":{"line":8,"column":16},"end":{"line":8,"column":31}},{"start":{"line":8,"column":31},"end":{"line":8,"column":null}}],"line":8},"1":{"loc":{"start":{"line":11,"column":2},"end":{"line":13,"column":null}},"type":"if","locations":[{"start":{"line":11,"column":2},"end":{"line":13,"column":null}},{"start":{},"end":{}}],"line":11},"2":{"loc":{"start":{"line":15,"column":2},"end":{"line":24,"column":null}},"type":"if","locations":[{"start":{"line":15,"column":2},"end":{"line":24,"column":null}},{"start":{},"end":{}}],"line":15}},"s":{"0":3,"1":3,"2":3,"3":3,"4":2,"5":3,"6":1,"7":2,"8":1,"9":1},"f":{"0":3,"1":2},"b":{"0":[3,1],"1":[1,2],"2":[1,1]},"meta":{"lastBranch":3,"lastFunction":2,"lastStatement":10,"seen":{"f:5:24:5:36":0,"s:6:15:6:Infinity":0,"s:7:8:7:Infinity":1,"s:8:16:8:Infinity":2,"b:8:16:8:31:8:31:8:Infinity":0,"s:9:20:9:Infinity":3,"f:9:31:9:39":1,"s:9:39:9:61":4,"b:11:2:13:Infinity:undefined:undefined:undefined:undefined":1,"s:11:2:13:Infinity":5,"s:12:4:12:Infinity":6,"b:15:2:24:Infinity:undefined:undefined:undefined:undefined":2,"s:15:2:24:Infinity":7,"s:16:4:22:Infinity":8,"s:26:2:26:Infinity":9}}}
,"C:\\Users\\Bartek\\Desktop\\Biblioteka\\frontend\\src\\components\\SearchBar.jsx": {"path":"C:\\Users\\Bartek\\Desktop\\Biblioteka\\frontend\\src\\components\\SearchBar.jsx","statementMap":{"0":{"start":{"line":7,"column":24},"end":{"line":7,"column":null}},"1":{"start":{"line":8,"column":36},"end":{"line":8,"column":null}},"2":{"start":{"line":9,"column":28},"end":{"line":9,"column":null}},"3":{"start":{"line":10,"column":44},"end":{"line":10,"column":null}},"4":{"start":{"line":11,"column":8},"end":{"line":11,"column":null}},"5":{"start":{"line":12,"column":8},"end":{"line":12,"column":null}},"6":{"start":{"line":13,"column":8},"end":{"line":13,"column":null}},"7":{"start":{"line":15,"column":2},"end":{"line":24,"column":null}},"8":{"start":{"line":17,"column":6},"end":{"line":19,"column":null}},"9":{"start":{"line":18,"column":8},"end":{"line":18,"column":null}},"10":{"start":{"line":22,"column":4},"end":{"line":22,"column":null}},"11":{"start":{"line":23,"column":4},"end":{"line":23,"column":null}},"12":{"start":{"line":23,"column":17},"end":{"line":23,"column":null}},"13":{"start":{"line":26,"column":2},"end":{"line":78,"column":null}},"14":{"start":{"line":27,"column":4},"end":{"line":29,"column":null}},"15":{"start":{"line":28,"column":6},"end":{"line":28,"column":null}},"16":{"start":{"line":31,"column":25},"end":{"line":31,"column":null}},"17":{"start":{"line":33,"column":4},"end":{"line":40,"column":null}},"18":{"start":{"line":34,"column":6},"end":{"line":34,"column":null}},"19":{"start":{"line":35,"column":6},"end":{"line":35,"column":null}},"20":{"start":{"line":36,"column":6},"end":{"line":38,"column":null}},"21":{"start":{"line":37,"column":8},"end":{"line":37,"column":null}},"22":{"start":{"line":39,"column":6},"end":{"line":39,"column":null}},"23":{"start":{"line":42,"column":4},"end":{"line":71,"column":null}},"24":{"start":{"line":43,"column":6},"end":{"line":43,"column":null}},"25":{"start":{"line":44,"column":6},"end":{"line":44,"column":null}},"26":{"start":{"line":45,"column":6},"end":{"line":45,"column":null}},"27":{"start":{"line":46,"column":6},"end":{"line":70,"column":null}},"28":{"start":{"line":47,"column":24},"end":{"line":47,"column":null}},"29":{"start":{"line":48,"column":22},"end":{"line":52,"column":null}},"30":{"start":{"line":54,"column":8},"end":{"line":54,"column":null}},"31":{"start":{"line":55,"column":8},"end":{"line":55,"column":null}},"32":{"start":{"line":57,"column":8},"end":{"line":60,"column":null}},"33":{"start":{"line":58,"column":24},"end":{"line":58,"column":null}},"34":{"start":{"line":59,"column":10},"end":{"line":59,"column":null}},"35":{"start":{"line":62,"column":8},"end":{"line":62,"column":null}},"36":{"start":{"line":63,"column":8},"end":{"line":63,"column":null}},"37":{"start":{"line":64,"column":8},"end":{"line":66,"column":null}},"38":{"start":{"line":65,"column":10},"end":{"line":65,"column":null}},"39":{"start":{"line":67,"column":8},"end":{"line":67,"column":null}},"40":{"start":{"line":69,"column":8},"end":{"line":69,"column":null}},"41":{"start":{"line":73,"column":4},"end":{"line":77,"column":null}},"42":{"start":{"line":74,"column":6},"end":{"line":76,"column":null}},"43":{"start":{"line":75,"column":8},"end":{"line":75,"column":null}},"44":{"start":{"line":81,"column":4},"end":{"line":81,"column":null}},"45":{"start":{"line":82,"column":25},"end":{"line":82,"column":null}},"46":{"start":{"line":83,"column":4},"end":{"line":83,"column":null}},"47":{"start":{"line":85,"column":4},"end":{"line":87,"column":null}},"48":{"start":{"line":86,"column":6},"end":{"line":86,"column":null}},"49":{"start":{"line":89,"column":4},"end":{"line":93,"column":null}},"50":{"start":{"line":90,"column":6},"end":{"line":90,"column":null}},"51":{"start":{"line":92,"column":6},"end":{"line":92,"column":null}},"52":{"start":{"line":97,"column":4},"end":{"line":97,"column":null}},"53":{"start":{"line":98,"column":4},"end":{"line":98,"column":null}},"54":{"start":{"line":99,"column":4},"end":{"line":99,"column":null}},"55":{"start":{"line":103,"column":4},"end":{"line":103,"column":null}},"56":{"start":{"line":104,"column":4},"end":{"line":104,"column":null}},"57":{"start":{"line":105,"column":4},"end":{"line":105,"column":null}},"58":{"start":{"line":108,"column":2},"end":{"line":151,"column":null}},"59":{"start":{"line":116,"column":29},"end":{"line":116,"column":null}},"60":{"start":{"line":134,"column":12},"end":{"line":141,"column":null}},"61":{"start":{"line":137,"column":29},"end":{"line":137,"column":null}}},"fnMap":{"0":{"name":"SearchBar","decl":{"start":{"line":6,"column":24},"end":{"line":6,"column":34}},"loc":{"start":{"line":6,"column":94},"end":{"line":153,"column":null}},"line":6},"1":{"name":"(anonymous_1)","decl":{"start":{"line":15,"column":12},"end":{"line":15,"column":18}},"loc":{"start":{"line":15,"column":18},"end":{"line":24,"column":5}},"line":15},"2":{"name":"handleClickOutside","decl":{"start":{"line":16,"column":13},"end":{"line":16,"column":32}},"loc":{"start":{"line":16,"column":39},"end":{"line":20,"column":null}},"line":16},"3":{"name":"(anonymous_3)","decl":{"start":{"line":23,"column":11},"end":{"line":23,"column":17}},"loc":{"start":{"line":23,"column":17},"end":{"line":23,"column":null}},"line":23},"4":{"name":"(anonymous_4)","decl":{"start":{"line":26,"column":12},"end":{"line":26,"column":18}},"loc":{"start":{"line":26,"column":18},"end":{"line":78,"column":5}},"line":26},"5":{"name":"(anonymous_5)","decl":{"start":{"line":42,"column":36},"end":{"line":42,"column":48}},"loc":{"start":{"line":42,"column":48},"end":{"line":71,"column":7}},"line":42},"6":{"name":"(anonymous_6)","decl":{"start":{"line":73,"column":11},"end":{"line":73,"column":17}},"loc":{"start":{"line":73,"column":17},"end":{"line":77,"column":null}},"line":73},"7":{"name":"handleSubmit","decl":{"start":{"line":80,"column":11},"end":{"line":80,"column":24}},"loc":{"start":{"line":80,"column":27},"end":{"line":94,"column":null}},"line":80},"8":{"name":"handleClear","decl":{"start":{"line":96,"column":11},"end":{"line":96,"column":25}},"loc":{"start":{"line":96,"column":25},"end":{"line":100,"column":null}},"line":96},"9":{"name":"handleSuggestionClick","decl":{"start":{"line":102,"column":11},"end":{"line":102,"column":33}},"loc":{"start":{"line":102,"column":39},"end":{"line":106,"column":null}},"line":102},"10":{"name":"(anonymous_10)","decl":{"start":{"line":116,"column":22},"end":{"line":116,"column":23}},"loc":{"start":{"line":116,"column":29},"end":{"line":116,"column":null}},"line":116},"11":{"name":"(anonymous_11)","decl":{"start":{"line":133,"column":27},"end":{"line":133,"column":null}},"loc":{"start":{"line":134,"column":12},"end":{"line":141,"column":null}},"line":134},"12":{"name":"(anonymous_12)","decl":{"start":{"line":137,"column":23},"end":{"line":137,"column":29}},"loc":{"start":{"line":137,"column":29},"end":{"line":137,"column":null}},"line":137}},"branchMap":{"0":{"loc":{"start":{"line":6,"column":36},"end":{"line":6,"column":71}},"type":"default-arg","locations":[{"start":{"line":6,"column":50},"end":{"line":6,"column":71}}],"line":6},"1":{"loc":{"start":{"line":17,"column":6},"end":{"line":19,"column":null}},"type":"if","locations":[{"start":{"line":17,"column":6},"end":{"line":19,"column":null}},{"start":{},"end":{}}],"line":17},"2":{"loc":{"start":{"line":17,"column":10},"end":{"line":17,"column":76}},"type":"binary-expr","locations":[{"start":{"line":17,"column":10},"end":{"line":17,"column":32}},{"start":{"line":17,"column":32},"end":{"line":17,"column":76}}],"line":17},"3":{"loc":{"start":{"line":27,"column":4},"end":{"line":29,"column":null}},"type":"if","locations":[{"start":{"line":27,"column":4},"end":{"line":29,"column":null}},{"start":{},"end":{}}],"line":27},"4":{"loc":{"start":{"line":33,"column":4},"end":{"line":40,"column":null}},"type":"if","locations":[{"start":{"line":33,"column":4},"end":{"line":40,"column":null}},{"start":{},"end":{}}],"line":33},"5":{"loc":{"start":{"line":36,"column":6},"end":{"line":38,"column":null}},"type":"if","locations":[{"start":{"line":36,"column":6},"end":{"line":38,"column":null}},{"start":{},"end":{}}],"line":36},"6":{"loc":{"start":{"line":48,"column":22},"end":{"line":52,"column":null}},"type":"cond-expr","locations":[{"start":{"line":49,"column":12},"end":{"line":49,"column":null}},{"start":{"line":50,"column":12},"end":{"line":52,"column":null}}],"line":48},"7":{"loc":{"start":{"line":50,"column":12},"end":{"line":52,"column":null}},"type":"cond-expr","locations":[{"start":{"line":51,"column":14},"end":{"line":51,"column":null}},{"start":{"line":52,"column":14},"end":{"line":52,"column":null}}],"line":50},"8":{"loc":{"start":{"line":57,"column":8},"end":{"line":60,"column":null}},"type":"if","locations":[{"start":{"line":57,"column":8},"end":{"line":60,"column":null}},{"start":{},"end":{}}],"line":57},"9":{"loc":{"start":{"line":58,"column":24},"end":{"line":58,"column":null}},"type":"cond-expr","locations":[{"start":{"line":58,"column":61},"end":{"line":58,"column":77}},{"start":{"line":58,"column":77},"end":{"line":58,"column":null}}],"line":58},"10":{"loc":{"start":{"line":64,"column":8},"end":{"line":66,"column":null}},"type":"if","locations":[{"start":{"line":64,"column":8},"end":{"line":66,"column":null}},{"start":{},"end":{}}],"line":64},"11":{"loc":{"start":{"line":74,"column":6},"end":{"line":76,"column":null}},"type":"if","locations":[{"start":{"line":74,"column":6},"end":{"line":76,"column":null}},{"start":{},"end":{}}],"line":74},"12":{"loc":{"start":{"line":85,"column":4},"end":{"line":87,"column":null}},"type":"if","locations":[{"start":{"line":85,"column":4},"end":{"line":87,"column":null}},{"start":{},"end":{}}],"line":85},"13":{"loc":{"start":{"line":89,"column":4},"end":{"line":93,"column":null}},"type":"if","locations":[{"start":{"line":89,"column":4},"end":{"line":93,"column":null}},{"start":{"line":91,"column":11},"end":{"line":93,"column":null}}],"line":89},"14":{"loc":{"start":{"line":120,"column":11},"end":{"line":123,"column":null}},"type":"binary-expr","locations":[{"start":{"line":120,"column":11},"end":{"line":120,"column":null}},{"start":{"line":121,"column":12},"end":{"line":123,"column":null}}],"line":120},"15":{"loc":{"start":{"line":131,"column":7},"end":{"line":143,"column":null}},"type":"binary-expr","locations":[{"start":{"line":131,"column":7},"end":{"line":131,"column":26}},{"start":{"line":131,"column":26},"end":{"line":131,"column":null}},{"start":{"line":132,"column":8},"end":{"line":143,"column":null}}],"line":131},"16":{"loc":{"start":{"line":146,"column":7},"end":{"line":149,"column":null}},"type":"binary-expr","locations":[{"start":{"line":146,"column":7},"end":{"line":146,"column":18}},{"start":{"line":146,"column":18},"end":{"line":146,"column":null}},{"start":{"line":147,"column":8},"end":{"line":149,"column":null}}],"line":146}},"s":{"0":43,"1":43,"2":43,"3":43,"4":43,"5":43,"6":43,"7":43,"8":4,"9":0,"10":5,"11":5,"12":5,"13":43,"14":26,"15":12,"16":26,"17":26,"18":11,"19":11,"20":11,"21":11,"22":11,"23":15,"24":3,"25":3,"26":3,"27":3,"28":3,"29":3,"30":3,"31":3,"32":3,"33":3,"34":3,"35":0,"36":0,"37":0,"38":0,"39":0,"40":3,"41":15,"42":15,"43":15,"44":0,"45":0,"46":0,"47":0,"48":0,"49":0,"50":0,"51":0,"52":0,"53":0,"54":0,"55":0,"56":0,"57":0,"58":43,"59":21,"60":2,"61":0},"f":{"0":43,"1":5,"2":4,"3":5,"4":26,"5":3,"6":15,"7":0,"8":0,"9":0,"10":21,"11":2,"12":0},"b":{"0":[43],"1":[0,4],"2":[4,4],"3":[12,14],"4":[11,15],"5":[11,0],"6":[0,3],"7":[3,0],"8":[3,0],"9":[3,0],"10":[0,0],"11":[15,0],"12":[0,0],"13":[0,0],"14":[43,33],"15":[43,5,2],"16":[43,3,3]},"meta":{"lastBranch":17,"lastFunction":13,"lastStatement":62,"seen":{"f:6:24:6:34":0,"b:6:50:6:71":0,"s:7:24:7:Infinity":0,"s:8:36:8:Infinity":1,"s:9:28:9:Infinity":2,"s:10:44:10:Infinity":3,"s:11:8:11:Infinity":4,"s:12:8:12:Infinity":5,"s:13:8:13:Infinity":6,"s:15:2:24:Infinity":7,"f:15:12:15:18":1,"f:16:13:16:32":2,"b:17:6:19:Infinity:undefined:undefined:undefined:undefined":1,"s:17:6:19:Infinity":8,"b:17:10:17:32:17:32:17:76":2,"s:18:8:18:Infinity":9,"s:22:4:22:Infinity":10,"s:23:4:23:Infinity":11,"f:23:11:23:17":3,"s:23:17:23:Infinity":12,"s:26:2:78:Infinity":13,"f:26:12:26:18":4,"b:27:4:29:Infinity:undefined:undefined:undefined:undefined":3,"s:27:4:29:Infinity":14,"s:28:6:28:Infinity":15,"s:31:25:31:Infinity":16,"b:33:4:40:Infinity:undefined:undefined:undefined:undefined":4,"s:33:4:40:Infinity":17,"s:34:6:34:Infinity":18,"s:35:6:35:Infinity":19,"b:36:6:38:Infinity:undefined:undefined:undefined:undefined":5,"s:36:6:38:Infinity":20,"s:37:8:37:Infinity":21,"s:39:6:39:Infinity":22,"s:42:4:71:Infinity":23,"f:42:36:42:48":5,"s:43:6:43:Infinity":24,"s:44:6:44:Infinity":25,"s:45:6:45:Infinity":26,"s:46:6:70:Infinity":27,"s:47:24:47:Infinity":28,"s:48:22:52:Infinity":29,"b:49:12:49:Infinity:50:12:52:Infinity":6,"b:51:14:51:Infinity:52:14:52:Infinity":7,"s:54:8:54:Infinity":30,"s:55:8:55:Infinity":31,"b:57:8:60:Infinity:undefined:undefined:undefined:undefined":8,"s:57:8:60:Infinity":32,"s:58:24:58:Infinity":33,"b:58:61:58:77:58:77:58:Infinity":9,"s:59:10:59:Infinity":34,"s:62:8:62:Infinity":35,"s:63:8:63:Infinity":36,"b:64:8:66:Infinity:undefined:undefined:undefined:undefined":10,"s:64:8:66:Infinity":37,"s:65:10:65:Infinity":38,"s:67:8:67:Infinity":39,"s:69:8:69:Infinity":40,"s:73:4:77:Infinity":41,"f:73:11:73:17":6,"b:74:6:76:Infinity:undefined:undefined:undefined:undefined":11,"s:74:6:76:Infinity":42,"s:75:8:75:Infinity":43,"f:80:11:80:24":7,"s:81:4:81:Infinity":44,"s:82:25:82:Infinity":45,"s:83:4:83:Infinity":46,"b:85:4:87:Infinity:undefined:undefined:undefined:undefined":12,"s:85:4:87:Infinity":47,"s:86:6:86:Infinity":48,"b:89:4:93:Infinity:91:11:93:Infinity":13,"s:89:4:93:Infinity":49,"s:90:6:90:Infinity":50,"s:92:6:92:Infinity":51,"f:96:11:96:25":8,"s:97:4:97:Infinity":52,"s:98:4:98:Infinity":53,"s:99:4:99:Infinity":54,"f:102:11:102:33":9,"s:103:4:103:Infinity":55,"s:104:4:104:Infinity":56,"s:105:4:105:Infinity":57,"s:108:2:151:Infinity":58,"f:116:22:116:23":10,"s:116:29:116:Infinity":59,"b:120:11:120:Infinity:121:12:123:Infinity":14,"b:131:7:131:26:131:26:131:Infinity:132:8:143:Infinity":15,"f:133:27:133:Infinity":11,"s:134:12:141:Infinity":60,"f:137:23:137:29":12,"s:137:29:137:Infinity":61,"b:146:7:146:18:146:18:146:Infinity:147:8:149:Infinity":16}}}
,"C:\\Users\\Bartek\\Desktop\\Biblioteka\\frontend\\src\\components\\StarRating.jsx": {"path":"C:\\Users\\Bartek\\Desktop\\Biblioteka\\frontend\\src\\components\\StarRating.jsx","statementMap":{"0":{"start":{"line":4,"column":36},"end":{"line":4,"column":null}},"1":{"start":{"line":6,"column":20},"end":{"line":6,"column":null}},"2":{"start":{"line":8,"column":2},"end":{"line":24,"column":null}},"3":{"start":{"line":11,"column":8},"end":{"line":22,"column":null}},"4":{"start":{"line":15,"column":25},"end":{"line":15,"column":null}},"5":{"start":{"line":16,"column":30},"end":{"line":16,"column":null}},"6":{"start":{"line":17,"column":30},"end":{"line":17,"column":null}},"7":{"start":{"line":29,"column":2},"end":{"line":31,"column":null}},"8":{"start":{"line":30,"column":4},"end":{"line":30,"column":null}},"9":{"start":{"line":33,"column":2},"end":{"line":38,"column":null}}},"fnMap":{"0":{"name":"StarRating","decl":{"start":{"line":3,"column":16},"end":{"line":3,"column":27}},"loc":{"start":{"line":3,"column":82},"end":{"line":26,"column":null}},"line":3},"1":{"name":"(anonymous_1)","decl":{"start":{"line":10,"column":27},"end":{"line":10,"column":null}},"loc":{"start":{"line":11,"column":8},"end":{"line":22,"column":null}},"line":11},"2":{"name":"(anonymous_2)","decl":{"start":{"line":15,"column":19},"end":{"line":15,"column":25}},"loc":{"start":{"line":15,"column":25},"end":{"line":15,"column":null}},"line":15},"3":{"name":"(anonymous_3)","decl":{"start":{"line":16,"column":24},"end":{"line":16,"column":30}},"loc":{"start":{"line":16,"column":30},"end":{"line":16,"column":null}},"line":16},"4":{"name":"(anonymous_4)","decl":{"start":{"line":17,"column":24},"end":{"line":17,"column":30}},"loc":{"start":{"line":17,"column":30},"end":{"line":17,"column":null}},"line":17},"5":{"name":"RatingDisplay","decl":{"start":{"line":28,"column":16},"end":{"line":28,"column":30}},"loc":{"start":{"line":28,"column":62},"end":{"line":40,"column":null}},"line":28}},"branchMap":{"0":{"loc":{"start":{"line":3,"column":45},"end":{"line":3,"column":63}},"type":"default-arg","locations":[{"start":{"line":3,"column":56},"end":{"line":3,"column":63}}],"line":3},"1":{"loc":{"start":{"line":3,"column":63},"end":{"line":3,"column":79}},"type":"default-arg","locations":[{"start":{"line":3,"column":70},"end":{"line":3,"column":79}}],"line":3},"2":{"loc":{"start":{"line":6,"column":20},"end":{"line":6,"column":null}},"type":"cond-expr","locations":[{"start":{"line":6,"column":39},"end":{"line":6,"column":62}},{"start":{"line":6,"column":62},"end":{"line":6,"column":null}}],"line":6},"3":{"loc":{"start":{"line":6,"column":62},"end":{"line":6,"column":null}},"type":"cond-expr","locations":[{"start":{"line":6,"column":81},"end":{"line":6,"column":104}},{"start":{"line":6,"column":104},"end":{"line":6,"column":null}}],"line":6},"4":{"loc":{"start":{"line":14,"column":29},"end":{"line":14,"column":82}},"type":"cond-expr","locations":[{"start":{"line":14,"column":63},"end":{"line":14,"column":80}},{"start":{"line":14,"column":80},"end":{"line":14,"column":82}}],"line":14},"5":{"loc":{"start":{"line":14,"column":38},"end":{"line":14,"column":63}},"type":"binary-expr","locations":[{"start":{"line":14,"column":38},"end":{"line":14,"column":53}},{"start":{"line":14,"column":53},"end":{"line":14,"column":63}}],"line":14},"6":{"loc":{"start":{"line":15,"column":25},"end":{"line":15,"column":null}},"type":"binary-expr","locations":[{"start":{"line":15,"column":25},"end":{"line":15,"column":38}},{"start":{"line":15,"column":38},"end":{"line":15,"column":null}}],"line":15},"7":{"loc":{"start":{"line":16,"column":30},"end":{"line":16,"column":null}},"type":"binary-expr","locations":[{"start":{"line":16,"column":30},"end":{"line":16,"column":43}},{"start":{"line":16,"column":43},"end":{"line":16,"column":null}}],"line":16},"8":{"loc":{"start":{"line":17,"column":30},"end":{"line":17,"column":null}},"type":"binary-expr","locations":[{"start":{"line":17,"column":30},"end":{"line":17,"column":43}},{"start":{"line":17,"column":43},"end":{"line":17,"column":null}}],"line":17},"9":{"loc":{"start":{"line":29,"column":2},"end":{"line":31,"column":null}},"type":"if","locations":[{"start":{"line":29,"column":2},"end":{"line":31,"column":null}},{"start":{},"end":{}}],"line":29},"10":{"loc":{"start":{"line":29,"column":6},"end":{"line":29,"column":38}},"type":"binary-expr","locations":[{"start":{"line":29,"column":6},"end":{"line":29,"column":24}},{"start":{"line":29,"column":24},"end":{"line":29,"column":38}}],"line":29},"11":{"loc":{"star
[...]
:28},"end":{"line":28,"column":3}},"line":26},"3":{"name":"(anonymous_3)","decl":{"start":{"line":33,"column":8},"end":{"line":33,"column":26}},"loc":{"start":{"line":33,"column":33},"end":{"line":39,"column":3}},"line":33},"4":{"name":"(anonymous_4)","decl":{"start":{"line":44,"column":8},"end":{"line":44,"column":26}},"loc":{"start":{"line":44,"column":37},"end":{"line":50,"column":3}},"line":44},"5":{"name":"(anonymous_5)","decl":{"start":{"line":55,"column":8},"end":{"line":55,"column":26}},"loc":{"start":{"line":55,"column":31},"end":{"line":59,"column":3}},"line":55},"6":{"name":"(anonymous_6)","decl":{"start":{"line":64,"column":8},"end":{"line":64,"column":27}},"loc":{"start":{"line":64,"column":32},"end":{"line":68,"column":3}},"line":64},"7":{"name":"(anonymous_7)","decl":{"start":{"line":73,"column":8},"end":{"line":73,"column":27}},"loc":{"start":{"line":73,"column":32},"end":{"line":77,"column":3}},"line":73},"8":{"name":"(anonymous_8)","decl":{"start":{"line":82,"column":8},"end":{"line":82,"column":27}},"loc":{"start":{"line":82,"column":32},"end":{"line":86,"column":3}},"line":82},"9":{"name":"(anonymous_9)","decl":{"start":{"line":91,"column":8},"end":{"line":91,"column":31}},"loc":{"start":{"line":91,"column":36},"end":{"line":95,"column":3}},"line":91}},"branchMap":{"0":{"loc":{"start":{"line":10,"column":25},"end":{"line":10,"column":37}},"type":"default-arg","locations":[{"start":{"line":10,"column":35},"end":{"line":10,"column":37}}],"line":10},"1":{"loc":{"start":{"line":14,"column":6},"end":{"line":16,"column":7}},"type":"if","locations":[{"start":{"line":14,"column":6},"end":{"line":16,"column":7}},{"start":{},"end":{}}],"line":14},"2":{"loc":{"start":{"line":14,"column":10},"end":{"line":14,"column":63}},"type":"binary-expr","locations":[{"start":{"line":14,"column":10},"end":{"line":14,"column":24}},{"start":{"line":14,"column":28},"end":{"line":14,"column":47}},{"start":{"line":14,"column":51},"end":{"line":14,"column":63}}],"line":14},"3":{"loc":{"start":{"line":19,"column":21},"end":{"line":19,"column":94}},"type":"cond-expr","locations":[{"start":{"line":19,"column":41},"end":{"line":19,"column":71}},{"start":{"line":19,"column":74},"end":{"line":19,"column":94}}],"line":19}},"s":{"0":2,"1":1,"2":1,"3":2,"4":1,"5":1,"6":1,"7":1,"8":1,"9":1,"10":1,"11":1,"12":1,"13":0,"14":0},"f":{"0":1,"1":2,"2":1,"3":1,"4":1,"5":1,"6":1,"7":1,"8":0,"9":0},"b":{"0":[1],"1":[1,1],"2":[2,2,2],"3":[1,0]},"meta":{"lastBranch":4,"lastFunction":10,"lastStatement":15,"seen":{"s:6:35:96:1":0,"f:10:8:10:24":0,"b:10:35:10:37":0,"s:11:19:11:40":1,"s:13:4:17:6":2,"f:13:36:13:37":1,"b:14:6:16:7:undefined:undefined:undefined:undefined":1,"s:14:6:16:7":3,"b:14:10:14:24:14:28:14:47:14:51:14:63":2,"s:15:8:15:30":4,"s:19:21:19:94":5,"b:19:41:19:71:19:74:19:94":3,"s:20:4:20:35":6,"f:26:8:26:23":2,"s:27:4:27:53":7,"f:33:8:33:26":3,"s:34:4:38:6":8,"f:44:8:44:26":4,"s:45:4:49:6":9,"f:55:8:55:26":5,"s:56:4:58:6":10,"f:64:8:64:27":6,"s:65:4:67:6":11,"f:73:8:73:27":7,"s:74:4:76:6":12,"f:82:8:82:27":8,"s:83:4:85:6":13,"f:91:8:91:31":9,"s:92:4:94:6":14}}}
,"C:\\Users\\Bartek\\Desktop\\Biblioteka\\frontend\\src\\services\\bookService.js": {"path":"C:\\Users\\Bartek\\Desktop\\Biblioteka\\frontend\\src\\services\\bookService.js","statementMap":{"0":{"start":{"line":6,"column":27},"end":{"line":71,"column":1}},"1":{"start":{"line":11,"column":19},"end":{"line":11,"column":40}},"2":{"start":{"line":13,"column":4},"end":{"line":17,"column":6}},"3":{"start":{"line":14,"column":6},"end":{"line":16,"column":7}},"4":{"start":{"line":15,"column":8},"end":{"line":15,"column":30}},"5":{"start":{"line":19,"column":21},"end":{"line":19,"column":78}},"6":{"start":{"line":20,"column":4},"end":{"line":20,"column":35}},"7":{"start":{"line":27,"column":4},"end":{"line":27,"column":45}},"8":{"start":{"line":34,"column":4},"end":{"line":34,"column":47}},"9":{"start":{"line":41,"column":4},"end":{"line":41,"column":51}},"10":{"start":{"line":48,"column":4},"end":{"line":48,"column":62}},"11":{"start":{"line":55,"column":4},"end":{"line":55,"column":58}},"12":{"start":{"line":62,"column":4},"end":{"line":62,"column":70}},"13":{"start":{"line":69,"column":4},"end":{"line":69,"column":62}}},"fnMap":{"0":{"name":"(anonymous_0)","decl":{"start":{"line":10,"column":8},"end":{"line":10,"column":16}},"loc":{"start":{"line":10,"column":31},"end":{"line":21,"column":3}},"line":10},"1":{"name":"(anonymous_1)","decl":{"start":{"line":13,"column":36},"end":{"line":13,"column":37}},"loc":{"start":{"line":13,"column":54},"end":{"line":17,"column":5}},"line":13},"2":{"name":"(anonymous_2)","decl":{"start":{"line":26,"column":8},"end":{"line":26,"column":15}},"loc":{"start":{"line":26,"column":20},"end":{"line":28,"column":3}},"line":26},"3":{"name":"(anonymous_3)","decl":{"start":{"line":33,"column":8},"end":{"line":33,"column":18}},"loc":{"start":{"line":33,"column":21},"end":{"line":35,"column":3}},"line":33},"4":{"name":"(anonymous_4)","decl":{"start":{"line":40,"column":8},"end":{"line":40,"column":22}},"loc":{"start":{"line":40,"column":25},"end":{"line":42,"column":3}},"line":40},"5":{"name":"(anonymous_5)","decl":{"start":{"line":47,"column":8},"end":{"line":47,"column":18}},"loc":{"start":{"line":47,"column":31},"end":{"line":49,"column":3}},"line":47},"6":{"name":"(anonymous_6)","decl":{"start":{"line":54,"column":8},"end":{"line":54,"column":22}},"loc":{"start":{"line":54,"column":35},"end":{"line":56,"column":3}},"line":54},"7":{"name":"(anonymous_7)","decl":{"start":{"line":61,"column":8},"end":{"line":61,"column":14}},"loc":{"start":{"line":61,"column":22},"end":{"line":63,"column":3}},"line":61},"8":{"name":"(anonymous_8)","decl":{"start":{"line":68,"column":8},"end":{"line":68,"column":23}},"loc":{"start":{"line":68,"column":32},"end":{"line":70,"column":3}},"line":68}},"branchMap":{"0":{"loc":{"start":{"line":10,"column":17},"end":{"line":10,"column":29}},"type":"default-arg","locations":[{"start":{"line":10,"column":27},"end":{"line":10,"column":29}}],"line":10},"1":{"loc":{"start":{"line":14,"column":6},"end":{"line":16,"column":7}},"type":"if","locations":[{"start":{"line":14,"column":6},"end":{"line":16,"column":7}},{"start":{},"end":{}}],"line":14},"2":{"loc":{"start":{"line":14,"column":10},"end":{"line":14,"column":63}},"type":"binary-expr","locations":[{"start":{"line":14,"column":10},"end":{"line":14,"column":24}},{"start":{"line":14,"column":28},"end":{"line":14,"column":47}},{"start":{"line":14,"column":51},"end":{"line":14,"column":63}}],"line":14},"3":{"loc":{"start":{"line":19,"column":21},"end":{"line":19,"column":78}},"type":"cond-expr","locations":[{"start":{"line":19,"column":41},"end":{"line":19,"column":63}},{"start":{"line":19,"column":66},"end":{"line":19,"column":78}}],"line":19},"4":{"loc":{"start":{"line":47,"column":19},"end":{"line":47,"column":29}},"type":"default-arg","locations":[{"start":{"line":47,"column":27},"end":{"line":47,"column":29}}],"line":47},"5":{"loc":{"start":{"line":54,"column":23},"end":{"line":54,"column":33}},"type":"default-arg","locations":[{"start":{"line":54,"column":31},"end":{"line":54,"column":33}}],"line":54}},"s":{"0":1,"1":2,"2":2,"3":3,"4":3,"5":2,"6":2,"7":1,"8":1,"9":0,"10":0,"11":0,"12":2,"13":1},"f":{"0":2,"1":3,"2":1,"3":1,"4":0,"5":0,"6":0,"7":2,"8":1},"b":{"0":[2],"1":[3,0],"2":[3,3,3],"3":[1,1],"4":[0],"5":[0]},"meta":{"lastBranch":6,"lastFunction":9,"lastStatement":14,"seen":{"s:6:27:71:1":0,"f:10:8:10:16":0,"b:10:27:10:29":0,"s:11:19:11:40":1,"s:13:4:17:6":2,"f:13:36:13:37":1,"b:14:6:16:7:undefined:undefined:undefined:undefined":1,"s:14:6:16:7":3,"b:14:10:14:24:14:28:14:47:14:51:14:63":2,"s:15:8:15:30":4,"s:19:21:19:78":5,"b:19:41:19:63:19:66:19:78":3,"s:20:4:20:35":6,"f:26:8:26:15":2,"s:27:4:27:45":7,"f:33:8:33:18":3,"s:34:4:34:47":8,"f:40:8:40:22":4,"s:41:4:41:51":9,"f:47:8:47:18":5,"b:47:27:47:29":4,"s:48:4:48:62":10,"f:54:8:54:22":6,"b:54:31:54:33":5,"s:55:4:55:58":11,"f:61:8:61:14":7,"s:62:4:62:70":12,"f:68:8:68:23":8,"s:69:4:69:62":13}}}
,"C:\\Users\\Bartek\\Desktop\\Biblioteka\\frontend\\src\\services\\loanService.js": {"path":"C:\\Users\\Bartek\\Desktop\\Biblioteka\\frontend\\src\\services\\loanService.js","statementMap":{"0":{"start":{"line":6,"column":27},"end":{"line":65,"column":1}},"1":{"start":{"line":11,"column":4},"end":{"line":11,"column":39}},"2":{"start":{"line":18,"column":19},"end":{"line":18,"column":40}},"3":{"start":{"line":20,"column":4},"end":{"line":24,"column":6}},"4":{"start":{"line":21,"column":6},"end":{"line":23,"column":7}},"5":{"start":{"line":22,"column":8},"end":{"line":22,"column":30}},"6":{"start":{"line":26,"column":21},"end":{"line":26,"column":78}},"7":{"start":{"line":27,"column":4},"end":{"line":27,"column":35}},"8":{"start":{"line":34,"column":4},"end":{"line":38,"column":6}},"9":{"start":{"line":45,"column":4},"end":{"line":47,"column":6}},"10":{"start":{"line":54,"column":4},"end":{"line":56,"column":6}},"11":{"start":{"line":63,"column":4},"end":{"line":63,"column":47}}},"fnMap":{"0":{"name":"(anonymous_0)","decl":{"start":{"line":10,"column":8},"end":{"line":10,"column":18}},"loc":{"start":{"line":10,"column":21},"end":{"line":12,"column":3}},"line":10},"1":{"name":"(anonymous_1)","decl":{"start":{"line":17,"column":8},"end":{"line":17,"column":19}},"loc":{"start":{"line":17,"column":34},"end":{"line":28,"column":3}},"line":17},"2":{"name":"(anonymous_2)","decl":{"start":{"line":20,"column":36},"end":{"line":20,"column":37}},"loc":{"start":{"line":20,"column":54},"end":{"line":24,"column":5}},"line":20},"3":{"name":"(anonymous_3)","decl":{"start":{"line":33,"column":8},"end":{"line":33,"column":18}},"loc":{"start":{"line":33,"column":42},"end":{"line":39,"column":3}},"line":33},"4":{"name":"(anonymous_4)","decl":{"start":{"line":44,"column":8},"end":{"line":44,"column":18}},"loc":{"start":{"line":44,"column":27},"end":{"line":48,"column":3}},"line":44},"5":{"name":"(anonymous_5)","decl":{"start":{"line":53,"column":8},"end":{"line":53,"column":18}},"loc":{"start":{"line":53,"column":27},"end":{"line":57,"column":3}},"line":53},"6":{"name":"(anonymous_6)","decl":{"start":{"line":62,"column":8},"end":{"line":62,"column":21}},"loc":{"start":{"line":62,"column":24},"end":{"line":64,"column":3}},"line":62}},"branchMap":{"0":{"loc":{"start":{"line":17,"column":20},"end":{"line":17,"column":32}},"type":"default-arg","locations":[{"start":{"line":17,"column":30},"end":{"line":17,"column":32}}],"line":17},"1":{"loc":{"start":{"line":21,"column":6},"end":{"line":23,"column":7}},"type":"if","locations":[{"start":{"line":21,"column":6},"end":{"line":23,"column":7}},{"start":{},"end":{}}],"line":21},"2":{"loc":{"start":{"line":21,"column":10},"end":{"line":21,"column":63}},"type":"binary-expr","locations":[{"start":{"line":21,"column":10},"end":{"line":21,"column":24}},{"start":{"line":21,"column":28},"end":{"line":21,"column":47}},{"start":{"line":21,"column":51},"end":{"line":21,"column":63}}],"line":21},"3":{"loc":{"start":{"line":26,"column":21},"end":{"line":26,"column":78}},"type":"cond-expr","locations":[{"start":{"line":26,"column":41},"end":{"line":26,"column":63}},{"start":{"line":26,"column":66},"end":{"line":26,"column":78}}],"line":26},"4":{"loc":{"start":{"line":33,"column":27},"end":{"line":33,"column":40}},"type":"default-arg","locations":[{"start":{"line":33,"column":36},"end":{"line":33,"column":40}}],"line":33}},"s":{"0":1,"1":1,"2":1,"3":1,"4":2,"5":2,"6":1,"7":1,"8":2,"9":1,"10":1,"11":0},"f":{"0":1,"1":1,"2":2,"3":2,"4":1,"5":1,"6":0},"b":{"0":[1],"1":[2,0],"2":[2,2,2],"3":[1,0],"4":[2]},"meta":{"lastBranch":5,"lastFunction":7,"lastStatement":12,"seen":{"s:6:27:65:1":0,"f:10:8:10:18":0,"s:11:4:11:39":1,"f:17:8:17:19":1,"b:17:30:17:32":0,"s:18:19:18:40":2,"s:20:4:24:6":3,"f:20:36:20:37":2,"b:21:6:23:7:undefined:undefined:undefined:undefined":1,"s:21:6:23:7":4,"b:21:10:21:24:21:28:21:47:21:51:21:63":2,"s:22:8:22:30":5,"s:26:21:26:78":6,"b:26:41:26:63:26:66:26:78":3,"s:27:4:27:35":7,"f:33:8:33:18":3,"b:33:36:33:40":4,"s:34:4:38:6":8,"f:44:8:44:18":4,"s:45:4:47:6":9,"f:53:8:53:18":5,"s:54:4:56:6":10,"f:62:8:62:21":6,"s:63:4:63:47":11}}}
,"C:\\Users\\Bartek\\Desktop\\Biblioteka\\frontend\\src\\services\\reservationService.js": {"path":"C:\\Users\\Bartek\\Desktop\\Biblioteka\\frontend\\src\\services\\reservationService.js","statementMap":{"0":{"start":{"line":6,"column":34},"end":{"line":58,"column":1}},"1":{"start":{"line":11,"column":4},"end":{"line":11,"column":46}},"2":{"start":{"line":18,"column":19},"end":{"line":18,"column":40}},"3":{"start":{"line":20,"column":4},"end":{"line":24,"column":6}},"4":{"start":{"line":21,"column":6},"end":{"line":23,"column":7}},"5":{"start":{"line":22,"column":8},"end":{"line":22,"column":30}},"6":{"start":{"line":26,"column":21},"end":{"line":26,"column":92}},"7":{"start":{"line":27,"column":4},"end":{"line":27,"column":35}},"8":{"start":{"line":34,"column":4},"end":{"line":38,"column":6}},"9":{"start":{"line":45,"column":4},"end":{"line":47,"column":6}},"10":{"start":{"line":54,"column":4},"end":{"line":56,"column":6}}},"fnMap":{"0":{"name":"(anonymous_0)","decl":{"start":{"line":10,"column":8},"end":{"line":10,"column":25}},"loc":{"start":{"line":10,"column":28},"end":{"line":12,"column":3}},"line":10},"1":{"name":"(anonymous_1)","decl":{"start":{"line":17,"column":8},"end":{"line":17,"column":26}},"loc":{"start":{"line":17,"column":41},"end":{"line":28,"column":3}},"line":17},"2":{"name":"(anonymous_2)","decl":{"start":{"line":20,"column":36},"end":{"line":20,"column":37}},"loc":{"start":{"line":20,"column":54},"end":{"line":24,"column":5}},"line":20},"3":{"name":"(anonymous_3)","decl":{"start":{"line":33,"column":8},"end":{"line":33,"column":25}},"loc":{"start":{"line":33,"column":34},"end":{"line":39,"column":3}},"line":33},"4":{"name":"(anonymous_4)","decl":{"start":{"line":44,"column":8},"end":{"line":44,"column":25}},"loc":{"start":{"line":44,"column":41},"end":{"line":48,"column":3}},"line":44},"5":{"name":"(anonymous_5)","decl":{"start":{"line":53,"column":8},"end":{"line":53,"column":26}},"loc":{"start":{"line":53,"column":42},"end":{"line":57,"column":3}},"line":53}},"branchMap":{"0":{"loc":{"start":{"line":17,"column":27},"end":{"line":17,"column":39}},"type":"default-arg","locations":[{"start":{"line":17,"column":37},"end":{"line":17,"column":39}}],"line":17},"1":{"loc":{"start":{"line":21,"column":6},"end":{"line":23,"column":7}},"type":"if","locations":[{"start":{"line":21,"column":6},"end":{"line":23,"column":7}},{"start":{},"end":{}}],"line":21},"2":{"loc":{"start":{"line":21,"column":10},"end":{"line":21,"column":63}},"type":"binary-expr","locations":[{"start":{"line":21,"column":10},"end":{"line":21,"column":24}},{"start":{"line":21,"column":28},"end":{"line":21,"column":47}},{"start":{"line":21,"column":51},"end":{"line":21,"column":63}}],"line":21},"3":{"loc":{"start":{"line":26,"column":21},"end":{"line":26,"column":92}},"type":"cond-expr","locations":[{"start":{"line":26,"column":41},"end":{"line":26,"column":70}},{"start":{"line":26,"column":73},"end":{"line":26,"column":92}}],"line":26}},"s":{"0":1,"1":1,"2":1,"3":1,"4":2,"5":1,"6":1,"7":1,"8":1,"9":1,"10":1},"f":{"0":1,"1":1,"2":2,"3":1,"4":1,"5":1},"b":{"0":[1],"1":[1,1],"2":[2,2,2],"3":[1,0]},"meta":{"lastBranch":4,"lastFunction":6,"lastStatement":11,"seen":{"s:6:34:58:1":0,"f:10:8:10:25":0,"s:11:4:11:46":1,"f:17:8:17:26":1,"b:17:37:17:39":0,"s:18:19:18:40":2,"s:20:4:24:6":3,"f:20:36:20:37":2,"b:21:6:23:7:undefined:undefined:undefined:undefined":1,"s:21:6:23:7":4,"b:21:10:21:24:21:28:21:47:21:51:21:63":2,"s:22:8:22:30":5,"s:26:21:26:92":6,"b:26:41:26:70:26:73:26:92":3,"s:27:4:27:35":7,"f:33:8:33:25":3,"s:34:4:38:6":8,"f:44:8:44:25":4,"s:45:4:47:6":9,"f:53:8:53:26":5,"s:54:4:56:6":10}}}
,"C:\\Users\\Bartek\\Desktop\\Biblioteka\\frontend\\src\\services\\userService.js": {"path":"C:\\Users\\Bartek\\Desktop\\Biblioteka\\frontend\\src\\services\\userService.js","statementMap":{"0":{"start":{"line":6,"column":27},"end":{"line":78,"column":1}},"1":{"start":{"line":11,"column":4},"end":{"line":11,"column":36}},"2":{"start":{"line":18,"column":4},"end":{"line":22,"column":6}},"3":{"start":{"line":29,"column":4},"end":{"line":33,"column":6}},"4":{"start":{"line":40,"column":4},"end":{"line":40,"column":43}},"5":{"start":{"line":47,"column":4},"end":{"line":51,"column":6}},"6":{"start":{"line":58,"column":4},"end":{"line":60,"column":6}},"7":{"start":{"line":67,"column":19},"end":{"line":67,"column":40}},"8":{"start":{"line":69,"column":4},"end":{"line":73,"column":6}},"9":{"start":{"line":70,"column":6},"end":{"line":72,"column":7}},"10":{"start":{"line":71,"column":8},"end":{"line":71,"column":30}},"11":{"start":{"line":75,"column":21},"end":{"line":75,"column":78}},"12":{"start":{"line":76,"column":4},"end":{"line":76,"column":35}}},"fnMap":{"0":{"name":"(anonymous_0)","decl":{"start":{"line":10,"column":8},"end":{"line":10,"column":18}},"loc":{"start":{"line":10,"column":21},"end":{"line":12,"column":3}},"line":10},"1":{"name":"(anonymous_1)","decl":{"start":{"line":17,"column":8},"end":{"line":17,"column":21}},"loc":{"start":{"line":17,"column":28},"end":{"line":23,"column":3}},"line":17},"2":{"name":"(anonymous_2)","decl":{"start":{"line":28,"column":8},"end":{"line":28,"column":22}},"loc":{"start":{"line":28,"column":53},"end":{"line":34,"column":3}},"line":28},"3":{"name":"(anonymous_3)","decl":{"start":{"line":39,"column":8},"end":{"line":39,"column":20}},"loc":{"start":{"line":39,"column":23},"end":{"line":41,"column":3}},"line":39},"4":{"name":"(anonymous_4)","decl":{"start":{"line":46,"column":8},"end":{"line":46,"column":19}},"loc":{"start":{"line":46,"column":28},"end":{"line":52,"column":3}},"line":46},"5":{"name":"(anonymous_5)","decl":{"start":{"line":57,"column":8},"end":{"line":57,"column":22}},"loc":{"start":{"line":57,"column":31},"end":{"line":61,"column":3}},"line":57},"6":{"name":"(anonymous_6)","decl":{"start":{"line":66,"column":8},"end":{"line":66,"column":19}},"loc":{"start":{"line":66,"column":34},"end":{"line":77,"column":3}},"line":66},"7":{"name":"(anonymous_7)","decl":{"start":{"line":69,"column":36},"end":{"line":69,"column":37}},"loc":{"start":{"line":69,"column":54},"end":{"line":73,"column":5}},"line":69}},"branchMap":{"0":{"loc":{"start":{"line":66,"column":20},"end":{"line":66,"column":32}},"type":"default-arg","locations":[{"start":{"line":66,"column":30},"end":{"line":66,"column":32}}],"line":66},"1":{"loc":{"start":{"line":70,"column":6},"end":{"line":72,"column":7}},"type":"if","locations":[{"start":{"line":70,"column":6},"end":{"line":72,"column":7}},{"start":{},"end":{}}],"line":70},"2":{"loc":{"start":{"line":70,"column":10},"end":{"line":70,"column":63}},"type":"binary-expr","locations":[{"start":{"line":70,"column":10},"end":{"line":70,"column":24}},{"start":{"line":70,"column":28},"end":{"line":70,"column":47}},{"start":{"line":70,"column":51},"end":{"line":70,"column":63}}],"line":70},"3":{"loc":{"start":{"line":75,"column":21},"end":{"line":75,"column":78}},"type":"cond-expr","locations":[{"start":{"line":75,"column":41},"end":{"line":75,"column":63}},{"start":{"line":75,"column":66},"end":{"line":75,"column":78}}],"line":75}},"s":{"0":1,"1":1,"2":1,"3":1,"4":1,"5":1,"6":1,"7":1,"8":1,"9":2,"10":1,"11":1,"12":1},"f":{"0":1,"1":1,"2":1,"3":1,"4":1,"5":1,"6":1,"7":2},"b":{"0":[1],"1":[1,1],"2":[2,2,2],"3":[1,0]},"meta":{"lastBranch":4,"lastFunction":8,"lastStatement":13,"seen":{"s:6:27:78:1":0,"f:10:8:10:18":0,"s:11:4:11:36":1,"f:17:8:17:21":1,"s:18:4:22:6":2,"f:28:8:28:22":2,"s:29:4:33:6":3,"f:39:8:39:20":3,"s:40:4:40:43":4,"f:46:8:46:19":4,"s:47:4:51:6":5,"f:57:8:57:22":5,"s:58:4:60:6":6,"f:66:8:66:19":6,"b:66:30:66:32":0,"s:67:19:67:40":7,"s:69:4:73:6":8,"f:69:36:69:37":7,"b:70:6:72:7:undefined:undefined:undefined:undefined":1,"s:70:6:72:7":9,"b:70:10:70:24:70:28:70:47:70:51:70:63":2,"s:71:8:71:30":10,"s:75:21:75:78":11,"b:75:41:75:63:75:66:75:78":3,"s:76:4:76:35":12}}}
}
